[2026-06-14T13:19:31.417Z] GET http://localhost:5173/ → 200 (37ms, 1251B)
[2026-06-14T13:19:31.509Z] GET http://localhost:5173/@vite/client → 200 (70ms, 182535B)
[2026-06-14T13:19:31.510Z] GET https://fonts.googleapis.com/css2?family=Fraunces:ital,opsz,wght@0,9..144,300..600;1,9..144,400..500&family=Hanken+Grotesk:wght@400;500;600;700&family=JetBrains+Mono:wght@400;500;600&display=swap → 200 (227ms, 1521B)
[2026-06-14T13:19:31.510Z] GET http://localhost:5173/src/main.tsx?t=1781443171083 → 200 (33ms, 2030B)
[2026-06-14T13:19:31.518Z] GET http://localhost:5173/@react-refresh → 200 (64ms, 113132B)
[2026-06-14T13:19:31.577Z] GET http://localhost:5173/node_modules/.vite/deps/react_jsx-dev-runtime.js?v=dd9114a9 → 200 (39ms, 36963B)
[2026-06-14T13:19:31.577Z] GET http://localhost:5173/node_modules/.vite/deps/react.js?v=dd9114a9 → 200 (36ms, 724B)
[2026-06-14T13:19:31.578Z] GET http://localhost:5173/node_modules/.vite/deps/react-dom_client.js?v=dd9114a9 → 200 (41ms, 1054B)
[2026-06-14T13:19:31.578Z] GET http://localhost:5173/src/index.css?t=1781443171083 → 200 (87ms, 39092B)
[2026-06-14T13:19:31.579Z] GET http://localhost:5173/src/App.tsx → 200 (88ms, 27259B)
[2026-06-14T13:19:31.581Z] GET http://localhost:5173/node_modules/vite/dist/client/env.mjs → 200 (82ms, 3861B)
[2026-06-14T13:19:31.616Z] GET http://localhost:5173/node_modules/.vite/deps/chunk-REFQX4J5.js?v=dd9114a9 → 200 (55ms, 77956B)
[2026-06-14T13:19:31.621Z] GET http://localhost:5173/node_modules/.vite/deps/chunk-HCIN4FJ4.js?v=dd9114a9 → 200 (188ms, 931868B)
[2026-06-14T13:19:31.668Z] GET http://localhost:5173/src/api.ts → 200 (30ms, 5455B)
[2026-06-14T13:19:31.669Z] GET http://localhost:5173/src/components/HealthCard.tsx → 200 (31ms, 26579B)
[2026-06-14T13:19:31.669Z] GET http://localhost:5173/src/components/UnderwriterConsole.tsx → 200 (62ms, 36340B)
[2026-06-14T13:19:31.670Z] GET http://localhost:5173/src/components/AuditTrail.tsx → 200 (62ms, 16945B)
[2026-06-14T13:19:31.670Z] GET http://localhost:5173/src/components/Portfolio.tsx → 200 (63ms, 11467B)
[2026-06-14T13:19:31.670Z] GET http://localhost:5173/src/components/Landing.tsx → 200 (64ms, 63614B)
[2026-06-14T13:19:31.670Z] GET http://localhost:5173/src/components/Brand.tsx → 200 (64ms, 7069B)
[2026-06-14T13:19:31.671Z] GET http://localhost:5173/src/components/ui.tsx → 200 (64ms, 32400B)
[2026-06-14T13:19:31.699Z] GET http://localhost:5173/src/mock.ts → 200 (37ms, 8631B)
[2026-06-14T13:19:32.027Z] GET https://fonts.gstatic.com/s/hankengrotesk/v12/ieVn2YZDLWuGJpnzaiwFXS9tYtpd59A.woff2 → 200 (585ms, 35254B)
[2026-06-14T13:19:32.606Z] GET https://fonts.gstatic.com/s/fraunces/v38/6NU78FyLNQOQZAnv9bYEvDiIdE9Ea92uemAk_WBq8U_9v0c2Wa0KxC9TeA.woff2 → 200 (140ms, 67457B)
[2026-06-14T13:19:32.607Z] GET https://fonts.gstatic.com/s/jetbrainsmono/v24/tDbv2o-flEEny0FZhsfKu5WU4zr3E_BX0PnT8RD8yKwBNntkaToggR7BYRbKPxDcwg.woff2 → 200 (111ms, 31559B)
[2026-06-14T13:19:32.607Z] GET https://fonts.gstatic.com/s/fraunces/v38/6NU58FyLNQOQZAnv9ZwNjucMHVn85Ni7emAe9lKqZTnbB-gzTK0K1ChjeveQ.woff2 → 200 (137ms, 81674B)
[2026-06-14T13:19:32.607Z] GET https://fonts.gstatic.com/s/fraunces/v38/6NU78FyLNQOQZAnv9bYEvDiIdE9Ea92uemAk_WBq8U_9v0c2Wa0KxCFTeO-U.woff2 → 200 (116ms, 59532B)
[2026-06-14T13:19:32.654Z] GET http://localhost:5173/api/catalog → 500 (144ms, ?B)
[2026-06-14T13:19:32.655Z] GET http://localhost:5173/api/catalog → 500 (143ms, ?B)
[2026-06-14T13:19:32.861Z] GET http://localhost:5173/ → 200 (2ms, ?B)
[2026-06-14T13:19:32.917Z] GET http://localhost:5173/@vite/client → 304 (25ms, ?B)
[2026-06-14T13:19:32.917Z] GET https://fonts.googleapis.com/css2?family=Fraunces:ital,opsz,wght@0,9..144,300..600;1,9..144,400..500&family=Hanken+Grotesk:wght@400;500;600;700&family=JetBrains+Mono:wght@400;500;600&display=swap → 200 (1ms, -743B)
[2026-06-14T13:19:32.920Z] GET http://localhost:5173/src/main.tsx?t=1781443171968 → 200 (23ms, 2030B)
[2026-06-14T13:19:32.945Z] GET http://localhost:5173/@react-refresh → 304 (60ms, ?B)
[2026-06-14T13:19:32.946Z] GET http://localhost:5173/node_modules/vite/dist/client/env.mjs → 304 (65ms, ?B)
[2026-06-14T13:19:32.995Z] GET http://localhost:5173/node_modules/.vite/deps/react_jsx-dev-runtime.js?v=dd9114a9 → 200 (1ms, -310B)
[2026-06-14T13:19:32.997Z] GET http://localhost:5173/node_modules/.vite/deps/react.js?v=dd9114a9 → 200 (1ms, -306B)
[2026-06-14T13:19:32.999Z] GET http://localhost:5173/node_modules/.vite/deps/react-dom_client.js?v=dd9114a9 → 200 (?ms, -308B)
[2026-06-14T13:19:33.000Z] GET http://localhost:5173/src/index.css?t=1781443171968 → 200 (11ms, 39092B)
[2026-06-14T13:19:33.001Z] GET http://localhost:5173/src/App.tsx → 304 (11ms, ?B)
[2026-06-14T13:19:33.001Z] GET http://localhost:5173/node_modules/.vite/deps/chunk-REFQX4J5.js?v=dd9114a9 → 200 (?ms, -311B)
[2026-06-14T13:19:33.003Z] GET http://localhost:5173/node_modules/.vite/deps/chunk-HCIN4FJ4.js?v=dd9114a9 → 200 (1ms, -312B)
[2026-06-14T13:19:33.006Z] GET https://fonts.gstatic.com/s/fraunces/v38/6NU58FyLNQOQZAnv9ZwNjucMHVn85Ni7emAe9lKqZTnbB-gzTK0K1ChjeveQ.woff2 → 200 (?ms, -815B)
[2026-06-14T13:19:33.007Z] GET https://fonts.gstatic.com/s/fraunces/v38/6NU78FyLNQOQZAnv9bYEvDiIdE9Ea92uemAk_WBq8U_9v0c2Wa0KxCFTeO-U.woff2 → 200 (?ms, -814B)
[2026-06-14T13:19:33.008Z] GET https://fonts.gstatic.com/s/fraunces/v38/6NU78FyLNQOQZAnv9bYEvDiIdE9Ea92uemAk_WBq8U_9v0c2Wa0KxC9TeA.woff2 → 200 (?ms, -814B)
[2026-06-14T13:19:33.009Z] GET https://fonts.gstatic.com/s/hankengrotesk/v12/ieVn2YZDLWuGJpnzaiwFXS9tYtpd59A.woff2 → 200 (?ms, -814B)
[2026-06-14T13:19:33.009Z] GET https://fonts.gstatic.com/s/jetbrainsmono/v24/tDbv2o-flEEny0FZhsfKu5WU4zr3E_BX0PnT8RD8yKwBNntkaToggR7BYRbKPxDcwg.woff2 → 200 (1ms, -815B)
[2026-06-14T13:19:33.054Z] GET http://localhost:5173/src/api.ts → 304 (4ms, ?B)
[2026-06-14T13:19:33.054Z] GET http://localhost:5173/src/components/HealthCard.tsx → 304 (5ms, ?B)
[2026-06-14T13:19:33.055Z] GET http://localhost:5173/src/components/UnderwriterConsole.tsx → 304 (6ms, ?B)
[2026-06-14T13:19:33.055Z] GET http://localhost:5173/src/components/AuditTrail.tsx → 304 (7ms, ?B)
[2026-06-14T13:19:33.056Z] GET http://localhost:5173/src/components/Portfolio.tsx → 304 (7ms, ?B)
[2026-06-14T13:19:33.056Z] GET http://localhost:5173/src/components/Landing.tsx → 304 (8ms, ?B)
[2026-06-14T13:19:33.056Z] GET http://localhost:5173/src/components/Brand.tsx → 304 (9ms, ?B)
[2026-06-14T13:19:33.057Z] GET http://localhost:5173/src/components/ui.tsx → 304 (9ms, ?B)
[2026-06-14T13:19:33.060Z] GET http://localhost:5173/src/mock.ts → 304 (7ms, ?B)
[2026-06-14T13:19:33.221Z] GET http://localhost:5173/api/catalog → 500 (38ms, ?B)
[2026-06-14T13:19:33.221Z] GET http://localhost:5173/api/catalog → 500 (35ms, ?B)
[2026-06-14T13:19:34.256Z] GET http://localhost:5173/ → 200 (24ms, 1251B)
[2026-06-14T13:19:34.310Z] GET http://localhost:5173/@vite/client → 304 (63ms, ?B)
[2026-06-14T13:19:34.310Z] GET https://fonts.googleapis.com/css2?family=Fraunces:ital,opsz,wght@0,9..144,300..600;1,9..144,400..500&family=Hanken+Grotesk:wght@400;500;600;700&family=JetBrains+Mono:wght@400;500;600&display=swap → 200 (?ms, -743B)
[2026-06-14T13:19:34.312Z] GET http://localhost:5173/src/main.tsx?t=1781443174195 → 200 (76ms, 2030B)
[2026-06-14T13:19:34.312Z] GET http://localhost:5173/@react-refresh → 304 (75ms, ?B)
[2026-06-14T13:19:34.318Z] GET https://fonts.gstatic.com/s/fraunces/v38/6NU58FyLNQOQZAnv9ZwNjucMHVn85Ni7emAe9lKqZTnbB-gzTK0K1ChjeveQ.woff2 → 200 (5ms, -815B)
[2026-06-14T13:19:34.323Z] GET https://fonts.gstatic.com/s/fraunces/v38/6NU78FyLNQOQZAnv9bYEvDiIdE9Ea92uemAk_WBq8U_9v0c2Wa0KxCFTeO-U.woff2 → 200 (1ms, -814B)
[2026-06-14T13:19:34.324Z] GET https://fonts.gstatic.com/s/fraunces/v38/6NU78FyLNQOQZAnv9bYEvDiIdE9Ea92uemAk_WBq8U_9v0c2Wa0KxC9TeA.woff2 → 200 (46ms, -814B)
[2026-06-14T13:19:34.371Z] GET https://fonts.gstatic.com/s/hankengrotesk/v12/ieVn2YZDLWuGJpnzaiwFXS9tYtpd59A.woff2 → 200 (?ms, -814B)
[2026-06-14T13:19:34.372Z] GET https://fonts.gstatic.com/s/jetbrainsmono/v24/tDbv2o-flEEny0FZhsfKu5WU4zr3E_BX0PnT8RD8yKwBNntkaToggR7BYRbKPxDcwg.woff2 → 200 (?ms, -815B)
[2026-06-14T13:19:34.387Z] GET http://localhost:5173/node_modules/vite/dist/client/env.mjs → 304 (1ms, ?B)
[2026-06-14T13:19:34.404Z] GET http://localhost:5173/node_modules/.vite/deps/react_jsx-dev-runtime.js?v=dd9114a9 → 200 (?ms, -310B)
[2026-06-14T13:19:34.405Z] GET http://localhost:5173/node_modules/.vite/deps/react.js?v=dd9114a9 → 200 (?ms, -306B)
[2026-06-14T13:19:34.405Z] GET http://localhost:5173/node_modules/.vite/deps/react-dom_client.js?v=dd9114a9 → 200 (1ms, -308B)
[2026-06-14T13:19:34.406Z] GET http://localhost:5173/src/index.css?t=1781443174195 → 200 (2ms, 39092B)
[2026-06-14T13:19:34.406Z] GET http://localhost:5173/src/App.tsx → 304 (2ms, ?B)
[2026-06-14T13:19:34.406Z] GET http://localhost:5173/node_modules/.vite/deps/chunk-REFQX4J5.js?v=dd9114a9 → 200 (1ms, -311B)
[2026-06-14T13:19:34.407Z] GET http://localhost:5173/node_modules/.vite/deps/chunk-HCIN4FJ4.js?v=dd9114a9 → 200 (?ms, -312B)
[2026-06-14T13:19:34.446Z] GET http://localhost:5173/src/api.ts → 304 (2ms, ?B)
[2026-06-14T13:19:34.446Z] GET http://localhost:5173/src/components/HealthCard.tsx → 304 (3ms, ?B)
[2026-06-14T13:19:34.446Z] GET http://localhost:5173/src/components/UnderwriterConsole.tsx → 304 (4ms, ?B)
[2026-06-14T13:19:34.446Z] GET http://localhost:5173/src/components/AuditTrail.tsx → 304 (4ms, ?B)
[2026-06-14T13:19:34.446Z] GET http://localhost:5173/src/components/Portfolio.tsx → 304 (5ms, ?B)
[2026-06-14T13:19:34.447Z] GET http://localhost:5173/src/components/Landing.tsx → 304 (4ms, ?B)
[2026-06-14T13:19:34.447Z] GET http://localhost:5173/src/components/Brand.tsx → 304 (5ms, ?B)
[2026-06-14T13:19:34.447Z] GET http://localhost:5173/src/components/ui.tsx → 304 (5ms, ?B)
[2026-06-14T13:19:34.449Z] GET http://localhost:5173/src/mock.ts → 304 (4ms, ?B)
[2026-06-14T13:19:34.564Z] GET http://localhost:5173/api/catalog → 500 (83ms, ?B)
[2026-06-14T13:19:34.564Z] GET http://localhost:5173/api/catalog → 500 (19ms, ?B)
[2026-06-14T13:19:37.243Z] GET http://localhost:5173/ → 200 (8ms, 1251B)
[2026-06-14T13:19:37.271Z] GET http://localhost:5173/@vite/client → 304 (32ms, ?B)
[2026-06-14T13:19:37.271Z] GET https://fonts.googleapis.com/css2?family=Fraunces:ital,opsz,wght@0,9..144,300..600;1,9..144,400..500&family=Hanken+Grotesk:wght@400;500;600;700&family=JetBrains+Mono:wght@400;500;600&display=swap → 200 (?ms, -743B)
[2026-06-14T13:19:37.272Z] GET http://localhost:5173/src/main.tsx?t=1781443177187 → 200 (39ms, 2030B)
[2026-06-14T13:19:37.281Z] GET http://localhost:5173/@react-refresh → 304 (22ms, ?B)
[2026-06-14T13:19:37.284Z] GET https://fonts.gstatic.com/s/fraunces/v38/6NU58FyLNQOQZAnv9ZwNjucMHVn85Ni7emAe9lKqZTnbB-gzTK0K1ChjeveQ.woff2 → 200 (5ms, -815B)
[2026-06-14T13:19:37.289Z] GET https://fonts.gstatic.com/s/fraunces/v38/6NU78FyLNQOQZAnv9bYEvDiIdE9Ea92uemAk_WBq8U_9v0c2Wa0KxCFTeO-U.woff2 → 200 (1ms, -814B)
[2026-06-14T13:19:37.290Z] GET https://fonts.gstatic.com/s/fraunces/v38/6NU78FyLNQOQZAnv9bYEvDiIdE9Ea92uemAk_WBq8U_9v0c2Wa0KxC9TeA.woff2 → 200 (?ms, -814B)
[2026-06-14T13:19:37.291Z] GET https://fonts.gstatic.com/s/hankengrotesk/v12/ieVn2YZDLWuGJpnzaiwFXS9tYtpd59A.woff2 → 200 (?ms, -814B)
[2026-06-14T13:19:37.291Z] GET https://fonts.gstatic.com/s/jetbrainsmono/v24/tDbv2o-flEEny0FZhsfKu5WU4zr3E_BX0PnT8RD8yKwBNntkaToggR7BYRbKPxDcwg.woff2 → 200 (1ms, -815B)
[2026-06-14T13:19:37.303Z] GET http://localhost:5173/node_modules/vite/dist/client/env.mjs → 304 (11ms, ?B)
[2026-06-14T13:19:37.312Z] GET http://localhost:5173/node_modules/.vite/deps/react_jsx-dev-runtime.js?v=dd9114a9 → 200 (?ms, -310B)
[2026-06-14T13:19:37.312Z] GET http://localhost:5173/node_modules/.vite/deps/react.js?v=dd9114a9 → 200 (?ms, -306B)
[2026-06-14T13:19:37.313Z] GET http://localhost:5173/node_modules/.vite/deps/react-dom_client.js?v=dd9114a9 → 200 (?ms, -308B)
[2026-06-14T13:19:37.313Z] GET http://localhost:5173/src/index.css?t=1781443177187 → 200 (16ms, 39092B)
[2026-06-14T13:19:37.313Z] GET http://localhost:5173/src/App.tsx → 304 (15ms, ?B)
[2026-06-14T13:19:37.313Z] GET http://localhost:5173/node_modules/.vite/deps/chunk-REFQX4J5.js?v=dd9114a9 → 200 (1ms, -311B)
[2026-06-14T13:19:37.314Z] GET http://localhost:5173/node_modules/.vite/deps/chunk-HCIN4FJ4.js?v=dd9114a9 → 200 (?ms, -312B)
[2026-06-14T13:19:37.329Z] GET http://localhost:5173/src/api.ts → 304 (1ms, ?B)
[2026-06-14T13:19:37.329Z] GET http://localhost:5173/src/components/HealthCard.tsx → 304 (8ms, ?B)
[2026-06-14T13:19:37.329Z] GET http://localhost:5173/src/components/UnderwriterConsole.tsx → 304 (8ms, ?B)
[2026-06-14T13:19:37.329Z] GET http://localhost:5173/src/components/AuditTrail.tsx → 304 (8ms, ?B)
[2026-06-14T13:19:37.329Z] GET http://localhost:5173/src/components/Portfolio.tsx → 304 (9ms, ?B)
[2026-06-14T13:19:37.329Z] GET http://localhost:5173/src/components/Landing.tsx → 304 (9ms, ?B)
[2026-06-14T13:19:37.330Z] GET http://localhost:5173/src/components/Brand.tsx → 304 (8ms, ?B)
[2026-06-14T13:19:37.330Z] GET http://localhost:5173/src/components/ui.tsx → 304 (20ms, ?B)
[2026-06-14T13:19:37.336Z] GET http://localhost:5173/src/mock.ts → 304 (14ms, ?B)
[2026-06-14T13:19:37.413Z] GET http://localhost:5173/api/catalog → 500 (12ms, ?B)
[2026-06-14T13:19:37.413Z] GET http://localhost:5173/api/catalog → 500 (11ms, ?B)
[2026-06-14T13:19:37.498Z] GET http://localhost:5173/ → 200 (9ms, 1251B)
[2026-06-14T13:19:37.528Z] GET http://localhost:5173/@vite/client → 304 (38ms, ?B)
[2026-06-14T13:19:37.538Z] GET https://fonts.googleapis.com/css2?family=Fraunces:ital,opsz,wght@0,9..144,300..600;1,9..144,400..500&family=Hanken+Grotesk:wght@400;500;600;700&family=JetBrains+Mono:wght@400;500;600&display=swap → 200 (1ms, -743B)
[2026-06-14T13:19:37.540Z] GET http://localhost:5173/src/main.tsx?t=1781443177443 → 200 (49ms, 2030B)
[2026-06-14T13:19:37.543Z] GET http://localhost:5173/@react-refresh → 304 (45ms, ?B)
[2026-06-14T13:19:37.556Z] GET https://fonts.gstatic.com/s/fraunces/v38/6NU58FyLNQOQZAnv9ZwNjucMHVn85Ni7emAe9lKqZTnbB-gzTK0K1ChjeveQ.woff2 → 200 (1ms, -815B)
[2026-06-14T13:19:37.557Z] GET https://fonts.gstatic.com/s/fraunces/v38/6NU78FyLNQOQZAnv9bYEvDiIdE9Ea92uemAk_WBq8U_9v0c2Wa0KxCFTeO-U.woff2 → 200 (1ms, -814B)
[2026-06-14T13:19:37.558Z] GET https://fonts.gstatic.com/s/fraunces/v38/6NU78FyLNQOQZAnv9bYEvDiIdE9Ea92uemAk_WBq8U_9v0c2Wa0KxC9TeA.woff2 → 200 (1ms, -814B)
[2026-06-14T13:19:37.559Z] GET https://fonts.gstatic.com/s/hankengrotesk/v12/ieVn2YZDLWuGJpnzaiwFXS9tYtpd59A.woff2 → 200 (?ms, -814B)
[2026-06-14T13:19:37.560Z] GET https://fonts.gstatic.com/s/jetbrainsmono/v24/tDbv2o-flEEny0FZhsfKu5WU4zr3E_BX0PnT8RD8yKwBNntkaToggR7BYRbKPxDcwg.woff2 → 200 (?ms, -815B)
[2026-06-14T13:19:37.567Z] GET http://localhost:5173/node_modules/vite/dist/client/env.mjs → 304 (25ms, ?B)
[2026-06-14T13:19:37.589Z] GET http://localhost:5173/node_modules/.vite/deps/react_jsx-dev-runtime.js?v=dd9114a9 → 200 (1ms, -310B)
[2026-06-14T13:19:37.590Z] GET http://localhost:5173/node_modules/.vite/deps/react.js?v=dd9114a9 → 200 (1ms, -306B)
[2026-06-14T13:19:37.591Z] GET http://localhost:5173/node_modules/.vite/deps/react-dom_client.js?v=dd9114a9 → 200 (?ms, -308B)
[2026-06-14T13:19:37.591Z] GET http://localhost:5173/src/index.css?t=1781443177443 → 200 (16ms, 39092B)
[2026-06-14T13:19:37.592Z] GET http://localhost:5173/src/App.tsx → 304 (1ms, ?B)
[2026-06-14T13:19:37.592Z] GET http://localhost:5173/node_modules/.vite/deps/chunk-REFQX4J5.js?v=dd9114a9 → 200 (?ms, -311B)
[2026-06-14T13:19:37.592Z] GET http://localhost:5173/node_modules/.vite/deps/chunk-HCIN4FJ4.js?v=dd9114a9 → 200 (?ms, -312B)
[2026-06-14T13:19:37.593Z] GET http://localhost:5173/src/api.ts → 304 (14ms, ?B)
[2026-06-14T13:19:37.593Z] GET http://localhost:5173/src/components/HealthCard.tsx → 304 (15ms, ?B)
[2026-06-14T13:19:37.593Z] GET http://localhost:5173/src/components/UnderwriterConsole.tsx → 304 (15ms, ?B)
[2026-06-14T13:19:37.594Z] GET http://localhost:5173/src/components/AuditTrail.tsx → 304 (15ms, ?B)
[2026-06-14T13:19:37.594Z] GET http://localhost:5173/src/components/Portfolio.tsx → 304 (15ms, ?B)
[2026-06-14T13:19:37.594Z] GET http://localhost:5173/src/components/Landing.tsx → 304 (31ms, ?B)
[2026-06-14T13:19:37.594Z] GET http://localhost:5173/src/components/Brand.tsx → 304 (32ms, ?B)
[2026-06-14T13:19:37.594Z] GET http://localhost:5173/src/components/ui.tsx → 304 (33ms, ?B)
[2026-06-14T13:19:37.607Z] GET http://localhost:5173/src/mock.ts → 304 (20ms, ?B)
[2026-06-14T13:19:37.645Z] GET http://localhost:5173/api/catalog → 500 (28ms, ?B)
[2026-06-14T13:19:37.645Z] GET http://localhost:5173/api/catalog → 500 (26ms, ?B)
[2026-06-14T13:19:39.774Z] GET http://localhost:5173/ → 200 (9ms, 1251B)
[2026-06-14T13:19:39.798Z] GET http://localhost:5173/@vite/client → 304 (5ms, ?B)
[2026-06-14T13:19:39.799Z] GET https://fonts.googleapis.com/css2?family=Fraunces:ital,opsz,wght@0,9..144,300..600;1,9..144,400..500&family=Hanken+Grotesk:wght@400;500;600;700&family=JetBrains+Mono:wght@400;500;600&display=swap → 200 (?ms, -743B)
[2026-06-14T13:19:39.799Z] GET http://localhost:5173/src/main.tsx?t=1781443179720 → 200 (14ms, 2030B)
[2026-06-14T13:19:39.801Z] GET http://localhost:5173/@react-refresh → 304 (10ms, ?B)
[2026-06-14T13:19:39.805Z] GET http://localhost:5173/node_modules/vite/dist/client/env.mjs → 304 (14ms, ?B)
[2026-06-14T13:19:39.817Z] GET http://localhost:5173/node_modules/.vite/deps/react_jsx-dev-runtime.js?v=dd9114a9 → 200 (?ms, -310B)
[2026-06-14T13:19:39.818Z] GET http://localhost:5173/node_modules/.vite/deps/react.js?v=dd9114a9 → 200 (?ms, -306B)
[2026-06-14T13:19:39.818Z] GET http://localhost:5173/node_modules/.vite/deps/react-dom_client.js?v=dd9114a9 → 200 (?ms, -308B)
[2026-06-14T13:19:39.819Z] GET http://localhost:5173/src/index.css?t=1781443179720 → 200 (2ms, 39092B)
[2026-06-14T13:19:39.819Z] GET http://localhost:5173/src/App.tsx → 304 (16ms, ?B)
[2026-06-14T13:19:39.819Z] GET http://localhost:5173/node_modules/.vite/deps/chunk-REFQX4J5.js?v=dd9114a9 → 200 (?ms, -311B)
[2026-06-14T13:19:39.820Z] GET http://localhost:5173/node_modules/.vite/deps/chunk-HCIN4FJ4.js?v=dd9114a9 → 200 (?ms, -312B)
[2026-06-14T13:19:39.835Z] GET http://localhost:5173/src/api.ts → 304 (8ms, ?B)
[2026-06-14T13:19:39.835Z] GET http://localhost:5173/src/components/HealthCard.tsx → 304 (9ms, ?B)
[2026-06-14T13:19:39.835Z] GET http://localhost:5173/src/components/UnderwriterConsole.tsx → 304 (9ms, ?B)
[2026-06-14T13:19:39.835Z] GET http://localhost:5173/src/components/AuditTrail.tsx → 304 (9ms, ?B)
[2026-06-14T13:19:39.836Z] GET http://localhost:5173/src/components/Portfolio.tsx → 304 (9ms, ?B)
[2026-06-14T13:19:39.836Z] GET http://localhost:5173/src/components/Landing.tsx → 304 (9ms, ?B)
[2026-06-14T13:19:39.836Z] GET http://localhost:5173/src/components/Brand.tsx → 304 (9ms, ?B)
[2026-06-14T13:19:39.836Z] GET http://localhost:5173/src/components/ui.tsx → 304 (9ms, ?B)
[2026-06-14T13:19:39.841Z] GET https://fonts.gstatic.com/s/fraunces/v38/6NU58FyLNQOQZAnv9ZwNjucMHVn85Ni7emAe9lKqZTnbB-gzTK0K1ChjeveQ.woff2 → 200 (?ms, -815B)
[2026-06-14T13:19:39.841Z] GET https://fonts.gstatic.com/s/fraunces/v38/6NU78FyLNQOQZAnv9bYEvDiIdE9Ea92uemAk_WBq8U_9v0c2Wa0KxCFTeO-U.woff2 → 200 (1ms, -814B)
[2026-06-14T13:19:39.842Z] GET https://fonts.gstatic.com/s/fraunces/v38/6NU78FyLNQOQZAnv9bYEvDiIdE9Ea92uemAk_WBq8U_9v0c2Wa0KxC9TeA.woff2 → 200 (?ms, -814B)
[2026-06-14T13:19:39.842Z] GET https://fonts.gstatic.com/s/hankengrotesk/v12/ieVn2YZDLWuGJpnzaiwFXS9tYtpd59A.woff2 → 200 (?ms, -814B)
[2026-06-14T13:19:39.843Z] GET https://fonts.gstatic.com/s/jetbrainsmono/v24/tDbv2o-flEEny0FZhsfKu5WU4zr3E_BX0PnT8RD8yKwBNntkaToggR7BYRbKPxDcwg.woff2 → 200 (?ms, -815B)
[2026-06-14T13:19:39.845Z] GET http://localhost:5173/src/mock.ts → 304 (11ms, ?B)
[2026-06-14T13:19:39.902Z] GET http://localhost:5173/api/catalog → pending (?ms, ?B)
[2026-06-14T13:19:39.902Z] GET http://localhost:5173/api/catalog → 500 (1ms, ?B)
[2026-06-14T13:19:39.961Z] GET http://localhost:5173/ → 200 (5ms, 1251B)
[2026-06-14T13:19:39.981Z] GET http://localhost:5173/@vite/client → 304 (3ms, ?B)
[2026-06-14T13:19:39.981Z] GET https://fonts.googleapis.com/css2?family=Fraunces:ital,opsz,wght@0,9..144,300..600;1,9..144,400..500&family=Hanken+Grotesk:wght@400;500;600;700&family=JetBrains+Mono:wght@400;500;600&display=swap → 200 (2ms, -743B)
[2026-06-14T13:19:39.983Z] GET http://localhost:5173/src/main.tsx?t=1781443179907 → 200 (1ms, 2030B)
[2026-06-14T13:19:39.988Z] GET http://localhost:5173/@react-refresh → 304 (20ms, ?B)
[2026-06-14T13:19:39.988Z] GET http://localhost:5173/node_modules/vite/dist/client/env.mjs → 304 (21ms, ?B)
[2026-06-14T13:19:39.992Z] GET http://localhost:5173/node_modules/.vite/deps/react_jsx-dev-runtime.js?v=dd9114a9 → 200 (1ms, -310B)
[2026-06-14T13:19:39.993Z] GET http://localhost:5173/node_modules/.vite/deps/react.js?v=dd9114a9 → 200 (?ms, -306B)
[2026-06-14T13:19:39.994Z] GET http://localhost:5173/node_modules/.vite/deps/react-dom_client.js?v=dd9114a9 → 200 (?ms, -308B)
[2026-06-14T13:19:39.994Z] GET http://localhost:5173/src/index.css?t=1781443179907 → 200 (20ms, 39092B)
[2026-06-14T13:19:39.994Z] GET http://localhost:5173/src/App.tsx → 304 (19ms, ?B)
[2026-06-14T13:19:40.007Z] GET http://localhost:5173/node_modules/.vite/deps/chunk-REFQX4J5.js?v=dd9114a9 → 200 (?ms, -311B)
[2026-06-14T13:19:40.008Z] GET http://localhost:5173/node_modules/.vite/deps/chunk-HCIN4FJ4.js?v=dd9114a9 → 200 (?ms, -312B)
[2026-06-14T13:19:40.014Z] GET http://localhost:5173/src/api.ts → 304 (20ms, ?B)
[2026-06-14T13:19:40.015Z] GET http://localhost:5173/src/components/HealthCard.tsx → 304 (19ms, ?B)
[2026-06-14T13:19:40.015Z] GET http://localhost:5173/src/components/UnderwriterConsole.tsx → 304 (19ms, ?B)
[2026-06-14T13:19:40.015Z] GET http://localhost:5173/src/components/AuditTrail.tsx → 304 (20ms, ?B)
[2026-06-14T13:19:40.015Z] GET http://localhost:5173/src/components/Portfolio.tsx → 304 (20ms, ?B)
[2026-06-14T13:19:40.015Z] GET http://localhost:5173/src/components/Landing.tsx → 304 (20ms, ?B)
[2026-06-14T13:19:40.015Z] GET http://localhost:5173/src/components/Brand.tsx → 304 (20ms, ?B)
[2026-06-14T13:19:40.015Z] GET http://localhost:5173/src/components/ui.tsx → 304 (21ms, ?B)
[2026-06-14T13:19:40.031Z] GET https://fonts.gstatic.com/s/fraunces/v38/6NU58FyLNQOQZAnv9ZwNjucMHVn85Ni7emAe9lKqZTnbB-gzTK0K1ChjeveQ.woff2 → 200 (?ms, -815B)
[2026-06-14T13:19:40.031Z] GET https://fonts.gstatic.com/s/fraunces/v38/6NU78FyLNQOQZAnv9bYEvDiIdE9Ea92uemAk_WBq8U_9v0c2Wa0KxCFTeO-U.woff2 → 200 (1ms, -814B)
[2026-06-14T13:19:40.032Z] GET https://fonts.gstatic.com/s/fraunces/v38/6NU78FyLNQOQZAnv9bYEvDiIdE9Ea92uemAk_WBq8U_9v0c2Wa0KxC9TeA.woff2 → 200 (?ms, -814B)
[2026-06-14T13:19:40.032Z] GET https://fonts.gstatic.com/s/hankengrotesk/v12/ieVn2YZDLWuGJpnzaiwFXS9tYtpd59A.woff2 → 200 (1ms, -814B)
[2026-06-14T13:19:40.033Z] GET https://fonts.gstatic.com/s/jetbrainsmono/v24/tDbv2o-flEEny0FZhsfKu5WU4zr3E_BX0PnT8RD8yKwBNntkaToggR7BYRbKPxDcwg.woff2 → 200 (?ms, -815B)
[2026-06-14T13:19:40.035Z] GET http://localhost:5173/src/mock.ts → 304 (1ms, ?B)
[2026-06-14T13:19:40.092Z] GET http://localhost:5173/api/catalog → 500 (6ms, ?B)
[2026-06-14T13:19:40.092Z] GET http://localhost:5173/api/catalog → 500 (3ms, ?B)
[2026-06-14T13:19:42.095Z] GET http://localhost:5173/ → 200 (6ms, 1251B)
[2026-06-14T13:19:42.117Z] GET http://localhost:5173/@vite/client → 304 (6ms, ?B)
[2026-06-14T13:19:42.117Z] GET https://fonts.googleapis.com/css2?family=Fraunces:ital,opsz,wght@0,9..144,300..600;1,9..144,400..500&family=Hanken+Grotesk:wght@400;500;600;700&family=JetBrains+Mono:wght@400;500;600&display=swap → 200 (1ms, -743B)
[2026-06-14T13:19:42.118Z] GET http://localhost:5173/src/main.tsx?t=1781443182040 → 200 (14ms, 2030B)
[2026-06-14T13:19:42.119Z] GET http://localhost:5173/@react-refresh → 304 (11ms, ?B)
[2026-06-14T13:19:42.124Z] GET http://localhost:5173/node_modules/vite/dist/client/env.mjs → 304 (15ms, ?B)
[2026-06-14T13:19:42.136Z] GET http://localhost:5173/node_modules/.vite/deps/react_jsx-dev-runtime.js?v=dd9114a9 → 200 (?ms, -310B)
[2026-06-14T13:19:42.137Z] GET http://localhost:5173/node_modules/.vite/deps/react.js?v=dd9114a9 → 200 (?ms, -306B)
[2026-06-14T13:19:42.137Z] GET http://localhost:5173/node_modules/.vite/deps/react-dom_client.js?v=dd9114a9 → 200 (?ms, -308B)
[2026-06-14T13:19:42.138Z] GET http://localhost:5173/src/index.css?t=1781443182040 → 200 (19ms, 39092B)
[2026-06-14T13:19:42.138Z] GET http://localhost:5173/src/App.tsx → 304 (19ms, ?B)
[2026-06-14T13:19:42.138Z] GET http://localhost:5173/node_modules/.vite/deps/chunk-REFQX4J5.js?v=dd9114a9 → 200 (?ms, -311B)
[2026-06-14T13:19:42.138Z] GET http://localhost:5173/node_modules/.vite/deps/chunk-HCIN4FJ4.js?v=dd9114a9 → 200 (?ms, -312B)
[2026-06-14T13:19:42.151Z] GET https://fonts.gstatic.com/s/fraunces/v38/6NU58FyLNQOQZAnv9ZwNjucMHVn85Ni7emAe9lKqZTnbB-gzTK0K1ChjeveQ.woff2 → 200 (?ms, -815B)
[2026-06-14T13:19:42.151Z] GET https://fonts.gstatic.com/s/fraunces/v38/6NU78FyLNQOQZAnv9bYEvDiIdE9Ea92uemAk_WBq8U_9v0c2Wa0KxCFTeO-U.woff2 → 200 (?ms, -814B)
[2026-06-14T13:19:42.152Z] GET https://fonts.gstatic.com/s/fraunces/v38/6NU78FyLNQOQZAnv9bYEvDiIdE9Ea92uemAk_WBq8U_9v0c2Wa0KxC9TeA.woff2 → 200 (?ms, -814B)
[2026-06-14T13:19:42.152Z] GET https://fonts.gstatic.com/s/hankengrotesk/v12/ieVn2YZDLWuGJpnzaiwFXS9tYtpd59A.woff2 → 200 (?ms, -814B)
[2026-06-14T13:19:42.153Z] GET https://fonts.gstatic.com/s/jetbrainsmono/v24/tDbv2o-flEEny0FZhsfKu5WU4zr3E_BX0PnT8RD8yKwBNntkaToggR7BYRbKPxDcwg.woff2 → 200 (?ms, -815B)
[2026-06-14T13:19:42.157Z] GET http://localhost:5173/src/api.ts → 304 (9ms, ?B)
[2026-06-14T13:19:42.157Z] GET http://localhost:5173/src/components/HealthCard.tsx → 304 (10ms, ?B)
[2026-06-14T13:19:42.157Z] GET http://localhost:5173/src/components/UnderwriterConsole.tsx → 304 (10ms, ?B)
[2026-06-14T13:19:42.157Z] GET http://localhost:5173/src/components/AuditTrail.tsx → 304 (10ms, ?B)
[2026-06-14T13:19:42.157Z] GET http://localhost:5173/src/components/Portfolio.tsx → 304 (11ms, ?B)
[2026-06-14T13:19:42.157Z] GET http://localhost:5173/src/components/Landing.tsx → 304 (11ms, ?B)
[2026-06-14T13:19:42.157Z] GET http://localhost:5173/src/components/Brand.tsx → 304 (12ms, ?B)
[2026-06-14T13:19:42.157Z] GET http://localhost:5173/src/components/ui.tsx → 304 (12ms, ?B)
[2026-06-14T13:19:42.167Z] GET http://localhost:5173/src/mock.ts → 304 (2ms, ?B)
[2026-06-14T13:19:42.226Z] GET http://localhost:5173/api/catalog → 500 (12ms, ?B)
[2026-06-14T13:19:42.226Z] GET http://localhost:5173/api/catalog → 500 (5ms, ?B)
[2026-06-14T13:20:30.972Z] GET http://localhost:5173/ → 200 (8ms, 1251B)
[2026-06-14T13:20:30.994Z] GET http://localhost:5173/@vite/client → 200 (34ms, ?B)
[2026-06-14T13:20:30.994Z] GET https://fonts.googleapis.com/css2?family=Fraunces:ital,opsz,wght@0,9..144,300..600;1,9..144,400..500&family=Hanken+Grotesk:wght@400;500;600;700&family=JetBrains+Mono:wght@400;500;600&display=swap → 200 (2ms, -743B)
[2026-06-14T13:20:30.997Z] GET http://localhost:5173/src/main.tsx?t=1781443230917 → 200 (18ms, 2030B)
[2026-06-14T13:20:30.999Z] GET http://localhost:5173/@react-refresh → 200 (20ms, ?B)
[2026-06-14T13:20:30.999Z] GET https://fonts.gstatic.com/s/fraunces/v38/6NU58FyLNQOQZAnv9ZwNjucMHVn85Ni7emAe9lKqZTnbB-gzTK0K1ChjeveQ.woff2 → 200 (2ms, -815B)
[2026-06-14T13:20:31.002Z] GET https://fonts.gstatic.com/s/fraunces/v38/6NU78FyLNQOQZAnv9bYEvDiIdE9Ea92uemAk_WBq8U_9v0c2Wa0KxCFTeO-U.woff2 → 200 (?ms, -814B)
[2026-06-14T13:20:31.002Z] GET https://fonts.gstatic.com/s/fraunces/v38/6NU78FyLNQOQZAnv9bYEvDiIdE9Ea92uemAk_WBq8U_9v0c2Wa0KxC9TeA.woff2 → 200 (?ms, -814B)
[2026-06-14T13:20:31.002Z] GET https://fonts.gstatic.com/s/hankengrotesk/v12/ieVn2YZDLWuGJpnzaiwFXS9tYtpd59A.woff2 → 200 (?ms, -814B)
[2026-06-14T13:20:31.003Z] GET https://fonts.gstatic.com/s/jetbrainsmono/v24/tDbv2o-flEEny0FZhsfKu5WU4zr3E_BX0PnT8RD8yKwBNntkaToggR7BYRbKPxDcwg.woff2 → 200 (?ms, -815B)
[2026-06-14T13:20:31.016Z] GET http://localhost:5173/node_modules/.vite/deps/react_jsx-dev-runtime.js?v=dd9114a9 → 200 (?ms, -310B)
[2026-06-14T13:20:31.016Z] GET http://localhost:5173/node_modules/.vite/deps/react.js?v=dd9114a9 → 200 (1ms, -306B)
[2026-06-14T13:20:31.017Z] GET http://localhost:5173/node_modules/.vite/deps/react-dom_client.js?v=dd9114a9 → 200 (?ms, -308B)
[2026-06-14T13:20:31.017Z] GET http://localhost:5173/src/index.css?t=1781443230917 → 200 (12ms, 39092B)
[2026-06-14T13:20:31.017Z] GET http://localhost:5173/src/App.tsx → 200 (12ms, ?B)
[2026-06-14T13:20:31.017Z] GET http://localhost:5173/node_modules/.vite/deps/chunk-REFQX4J5.js?v=dd9114a9 → 200 (1ms, -311B)
[2026-06-14T13:20:31.018Z] GET http://localhost:5173/node_modules/.vite/deps/chunk-HCIN4FJ4.js?v=dd9114a9 → 200 (?ms, -312B)
[2026-06-14T13:20:31.028Z] GET http://localhost:5173/node_modules/vite/dist/client/env.mjs → 200 (7ms, ?B)
[2026-06-14T13:20:31.029Z] GET http://localhost:5173/src/api.ts → 200 (16ms, ?B)
[2026-06-14T13:20:31.029Z] GET http://localhost:5173/src/components/HealthCard.tsx → 200 (17ms, ?B)
[2026-06-14T13:20:31.030Z] GET http://localhost:5173/src/components/UnderwriterConsole.tsx → 200 (17ms, ?B)
[2026-06-14T13:20:31.030Z] GET http://localhost:5173/src/components/AuditTrail.tsx → 200 (17ms, ?B)
[2026-06-14T13:20:31.030Z] GET http://localhost:5173/src/components/Portfolio.tsx → 200 (18ms, ?B)
[2026-06-14T13:20:31.030Z] GET http://localhost:5173/src/components/Landing.tsx → 200 (18ms, ?B)
[2026-06-14T13:20:31.030Z] GET http://localhost:5173/src/components/Brand.tsx → 200 (18ms, ?B)
[2026-06-14T13:20:31.030Z] GET http://localhost:5173/src/components/ui.tsx → 200 (19ms, ?B)
[2026-06-14T13:20:31.046Z] GET http://localhost:5173/src/mock.ts → 200 (6ms, ?B)
[2026-06-14T13:20:31.122Z] GET http://localhost:5173/api/catalog → 500 (22ms, ?B)
[2026-06-14T13:20:31.122Z] GET http://localhost:5173/api/catalog → 500 (5ms, ?B)
[2026-06-14T13:26:38.434Z] GET http://localhost:5173/src/components/ui.tsx?t=1781443598424 → 200 (127ms, 33625B)
[2026-06-14T13:26:38.434Z] GET http://localhost:5173/src/index.css?t=1781443598424 → 200 (105ms, 39092B)
[2026-06-14T13:26:38.565Z] GET http://localhost:5173/src/App.tsx?t=1781443598424 → 200 (153ms, 27355B)
[2026-06-14T13:26:38.565Z] GET http://localhost:5173/src/components/AuditTrail.tsx?t=1781443598424 → 200 (157ms, 16961B)
[2026-06-14T13:26:38.565Z] GET http://localhost:5173/src/components/Portfolio.tsx?t=1781443598424 → 200 (154ms, 11483B)
[2026-06-14T13:26:38.566Z] GET http://localhost:5173/src/components/HealthCard.tsx?t=1781443598424 → 200 (163ms, 26595B)
[2026-06-14T13:26:38.566Z] GET http://localhost:5173/src/components/UnderwriterConsole.tsx?t=1781443598424 → 200 (164ms, 36356B)
[2026-06-14T13:26:38.566Z] GET http://localhost:5173/src/components/Landing.tsx?t=1781443598424 → 200 (175ms, 63630B)
[2026-06-14T13:26:38.772Z] GET http://localhost:5173/api/catalog → 500 (69ms, ?B)
[2026-06-14T13:26:50.714Z] GET http://localhost:5173/ → 200 (10ms, 1251B)
[2026-06-14T13:26:50.741Z] GET http://localhost:5173/@vite/client → 200 (19ms, ?B)
[2026-06-14T13:26:50.742Z] GET https://fonts.googleapis.com/css2?family=Fraunces:ital,opsz,wght@0,9..144,300..600;1,9..144,400..500&family=Hanken+Grotesk:wght@400;500;600;700&family=JetBrains+Mono:wght@400;500;600&display=swap → 200 (?ms, -743B)
[2026-06-14T13:26:50.743Z] GET http://localhost:5173/src/main.tsx?t=1781443598424 → 200 (15ms, 2046B)
[2026-06-14T13:26:50.744Z] GET http://localhost:5173/@react-refresh → 200 (19ms, ?B)
[2026-06-14T13:26:50.748Z] GET https://fonts.gstatic.com/s/fraunces/v38/6NU58FyLNQOQZAnv9ZwNjucMHVn85Ni7emAe9lKqZTnbB-gzTK0K1ChjeveQ.woff2 → 200 (1ms, -815B)
[2026-06-14T13:26:50.749Z] GET https://fonts.gstatic.com/s/fraunces/v38/6NU78FyLNQOQZAnv9bYEvDiIdE9Ea92uemAk_WBq8U_9v0c2Wa0KxCFTeO-U.woff2 → 200 (?ms, -814B)
[2026-06-14T13:26:50.750Z] GET https://fonts.gstatic.com/s/fraunces/v38/6NU78FyLNQOQZAnv9bYEvDiIdE9Ea92uemAk_WBq8U_9v0c2Wa0KxC9TeA.woff2 → 200 (?ms, -814B)
[2026-06-14T13:26:50.750Z] GET https://fonts.gstatic.com/s/hankengrotesk/v12/ieVn2YZDLWuGJpnzaiwFXS9tYtpd59A.woff2 → 200 (?ms, -814B)
[2026-06-14T13:26:50.751Z] GET https://fonts.gstatic.com/s/jetbrainsmono/v24/tDbv2o-flEEny0FZhsfKu5WU4zr3E_BX0PnT8RD8yKwBNntkaToggR7BYRbKPxDcwg.woff2 → 200 (?ms, -815B)
[2026-06-14T13:26:50.759Z] GET http://localhost:5173/node_modules/.vite/deps/react_jsx-dev-runtime.js?v=dd9114a9 → 200 (6ms, -263B)
[2026-06-14T13:26:50.759Z] GET http://localhost:5173/node_modules/.vite/deps/react.js?v=dd9114a9 → 200 (6ms, -259B)
[2026-06-14T13:26:50.759Z] GET http://localhost:5173/node_modules/.vite/deps/react-dom_client.js?v=dd9114a9 → 200 (9ms, -261B)
[2026-06-14T13:26:50.759Z] GET http://localhost:5173/src/index.css?t=1781443598424 → 304 (9ms, ?B)
[2026-06-14T13:26:50.759Z] GET http://localhost:5173/src/App.tsx?t=1781443598424 → 304 (9ms, ?B)
[2026-06-14T13:26:50.763Z] GET http://localhost:5173/node_modules/vite/dist/client/env.mjs → 200 (12ms, ?B)
[2026-06-14T13:26:50.768Z] GET http://localhost:5173/node_modules/.vite/deps/chunk-REFQX4J5.js?v=dd9114a9 → 200 (10ms, -264B)
[2026-06-14T13:26:50.768Z] GET http://localhost:5173/node_modules/.vite/deps/chunk-HCIN4FJ4.js?v=dd9114a9 → 200 (26ms, -265B)
[2026-06-14T13:26:50.773Z] GET http://localhost:5173/src/api.ts → 200 (5ms, ?B)
[2026-06-14T13:26:50.773Z] GET http://localhost:5173/src/components/HealthCard.tsx?t=1781443598424 → 304 (4ms, ?B)
[2026-06-14T13:26:50.774Z] GET http://localhost:5173/src/components/UnderwriterConsole.tsx?t=1781443598424 → 304 (3ms, ?B)
[2026-06-14T13:26:50.774Z] GET http://localhost:5173/src/components/AuditTrail.tsx?t=1781443598424 → 304 (4ms, ?B)
[2026-06-14T13:26:50.774Z] GET http://localhost:5173/src/components/Portfolio.tsx?t=1781443598424 → 304 (4ms, ?B)
[2026-06-14T13:26:50.774Z] GET http://localhost:5173/src/components/Landing.tsx?t=1781443598424 → 304 (4ms, ?B)
[2026-06-14T13:26:50.774Z] GET http://localhost:5173/src/components/Brand.tsx → 200 (6ms, ?B)
[2026-06-14T13:26:50.774Z] GET http://localhost:5173/src/components/ui.tsx?t=1781443598424 → 304 (5ms, ?B)
[2026-06-14T13:26:50.779Z] GET http://localhost:5173/src/mock.ts → 200 (2ms, ?B)
[2026-06-14T13:26:50.840Z] GET http://localhost:5173/api/catalog → 500 (8ms, ?B)
[2026-06-14T13:26:50.841Z] GET http://localhost:5173/api/catalog → 500 (4ms, ?B)
[2026-06-14T13:26:50.871Z] GET http://localhost:5173/ → 200 (8ms, 1251B)
[2026-06-14T13:26:50.891Z] GET http://localhost:5173/@vite/client → 304 (18ms, ?B)
[2026-06-14T13:26:50.891Z] GET https://fonts.googleapis.com/css2?family=Fraunces:ital,opsz,wght@0,9..144,300..600;1,9..144,400..500&family=Hanken+Grotesk:wght@400;500;600;700&family=JetBrains+Mono:wght@400;500;600&display=swap → 200 (?ms, -743B)
[2026-06-14T13:26:50.892Z] GET http://localhost:5173/src/main.tsx?t=1781443610802 → 200 (21ms, 2046B)
[2026-06-14T13:26:50.894Z] GET http://localhost:5173/@react-refresh → 304 (19ms, ?B)
[2026-06-14T13:26:50.898Z] GET https://fonts.gstatic.com/s/fraunces/v38/6NU58FyLNQOQZAnv9ZwNjucMHVn85Ni7emAe9lKqZTnbB-gzTK0K1ChjeveQ.woff2 → 200 (1ms, -815B)
[2026-06-14T13:26:50.899Z] GET https://fonts.gstatic.com/s/fraunces/v38/6NU78FyLNQOQZAnv9bYEvDiIdE9Ea92uemAk_WBq8U_9v0c2Wa0KxCFTeO-U.woff2 → 200 (?ms, -814B)
[2026-06-14T13:26:50.900Z] GET https://fonts.gstatic.com/s/fraunces/v38/6NU78FyLNQOQZAnv9bYEvDiIdE9Ea92uemAk_WBq8U_9v0c2Wa0KxC9TeA.woff2 → 200 (?ms, -814B)
[2026-06-14T13:26:50.900Z] GET https://fonts.gstatic.com/s/hankengrotesk/v12/ieVn2YZDLWuGJpnzaiwFXS9tYtpd59A.woff2 → 200 (6ms, -814B)
[2026-06-14T13:26:50.907Z] GET https://fonts.gstatic.com/s/jetbrainsmono/v24/tDbv2o-flEEny0FZhsfKu5WU4zr3E_BX0PnT8RD8yKwBNntkaToggR7BYRbKPxDcwg.woff2 → 200 (?ms, -815B)
[2026-06-14T13:26:50.909Z] GET http://localhost:5173/node_modules/vite/dist/client/env.mjs → 304 (6ms, ?B)
[2026-06-14T13:26:50.913Z] GET http://localhost:5173/node_modules/.vite/deps/react_jsx-dev-runtime.js?v=dd9114a9 → 200 (?ms, -263B)
[2026-06-14T13:26:50.913Z] GET http://localhost:5173/node_modules/.vite/deps/react.js?v=dd9114a9 → 200 (1ms, -259B)
[2026-06-14T13:26:50.914Z] GET http://localhost:5173/node_modules/.vite/deps/react-dom_client.js?v=dd9114a9 → 200 (?ms, -261B)
[2026-06-14T13:26:50.914Z] GET http://localhost:5173/src/index.css?t=1781443610802 → 200 (8ms, 39092B)
[2026-06-14T13:26:50.914Z] GET http://localhost:5173/src/App.tsx?t=1781443598424 → 304 (7ms, ?B)
[2026-06-14T13:26:50.914Z] GET http://localhost:5173/node_modules/.vite/deps/chunk-REFQX4J5.js?v=dd9114a9 → 200 (?ms, -264B)
[2026-06-14T13:26:50.914Z] GET http://localhost:5173/node_modules/.vite/deps/chunk-HCIN4FJ4.js?v=dd9114a9 → 200 (?ms, -265B)
[2026-06-14T13:26:50.936Z] GET http://localhost:5173/src/api.ts → 304 (8ms, ?B)
[2026-06-14T13:26:50.936Z] GET http://localhost:5173/src/components/HealthCard.tsx?t=1781443598424 → 304 (9ms, ?B)
[2026-06-14T13:26:50.936Z] GET http://localhost:5173/src/components/UnderwriterConsole.tsx?t=1781443598424 → 304 (9ms, ?B)
[2026-06-14T13:26:50.936Z] GET http://localhost:5173/src/components/AuditTrail.tsx?t=1781443598424 → 304 (9ms, ?B)
[2026-06-14T13:26:50.936Z] GET http://localhost:5173/src/components/Portfolio.tsx?t=1781443598424 → 304 (9ms, ?B)
[2026-06-14T13:26:50.937Z] GET http://localhost:5173/src/components/Landing.tsx?t=1781443598424 → 304 (8ms, ?B)
[2026-06-14T13:26:50.937Z] GET http://localhost:5173/src/components/Brand.tsx → 304 (8ms, ?B)
[2026-06-14T13:26:50.937Z] GET http://localhost:5173/src/components/ui.tsx?t=1781443598424 → 304 (9ms, ?B)
[2026-06-14T13:26:50.945Z] GET http://localhost:5173/src/mock.ts → 304 (2ms, ?B)
[2026-06-14T13:26:51.018Z] GET http://localhost:5173/api/catalog → 500 (21ms, ?B)
[2026-06-14T13:26:51.018Z] GET http://localhost:5173/api/catalog → 500 (20ms, ?B)
[2026-06-14T13:26:51.020Z] GET http://localhost:5173/ → 200 (17ms, 1251B)
[2026-06-14T13:26:51.054Z] GET http://localhost:5173/@vite/client → 304 (5ms, ?B)
[2026-06-14T13:26:51.056Z] GET https://fonts.googleapis.com/css2?family=Fraunces:ital,opsz,wght@0,9..144,300..600;1,9..144,400..500&family=Hanken+Grotesk:wght@400;500;600;700&family=JetBrains+Mono:wght@400;500;600&display=swap → 200 (?ms, -743B)
[2026-06-14T13:26:51.057Z] GET http://localhost:5173/src/main.tsx?t=1781443610923 → 200 (3ms, 2046B)
[2026-06-14T13:26:51.060Z] GET http://localhost:5173/@react-refresh → 304 (2ms, ?B)
[2026-06-14T13:26:51.060Z] GET http://localhost:5173/node_modules/vite/dist/client/env.mjs → 304 (4ms, ?B)
[2026-06-14T13:26:51.060Z] GET http://localhost:5173/node_modules/.vite/deps/react_jsx-dev-runtime.js?v=dd9114a9 → 200 (?ms, -263B)
[2026-06-14T13:26:51.061Z] GET http://localhost:5173/node_modules/.vite/deps/react.js?v=dd9114a9 → 200 (?ms, -259B)
[2026-06-14T13:26:51.061Z] GET http://localhost:5173/node_modules/.vite/deps/react-dom_client.js?v=dd9114a9 → 200 (?ms, -261B)
[2026-06-14T13:26:51.061Z] GET http://localhost:5173/src/index.css?t=1781443610923 → 200 (21ms, 39092B)
[2026-06-14T13:26:51.061Z] GET http://localhost:5173/src/App.tsx?t=1781443598424 → 304 (4ms, ?B)
[2026-06-14T13:26:51.061Z] GET http://localhost:5173/node_modules/.vite/deps/chunk-REFQX4J5.js?v=dd9114a9 → 200 (?ms, -264B)
[2026-06-14T13:26:51.061Z] GET http://localhost:5173/node_modules/.vite/deps/chunk-HCIN4FJ4.js?v=dd9114a9 → 200 (?ms, -265B)
[2026-06-14T13:26:51.074Z] GET http://localhost:5173/src/api.ts → 304 (20ms, ?B)
[2026-06-14T13:26:51.074Z] GET http://localhost:5173/src/components/HealthCard.tsx?t=1781443598424 → 304 (21ms, ?B)
[2026-06-14T13:26:51.075Z] GET http://localhost:5173/src/components/UnderwriterConsole.tsx?t=1781443598424 → 304 (20ms, ?B)
[2026-06-14T13:26:51.075Z] GET http://localhost:5173/src/components/AuditTrail.tsx?t=1781443598424 → 304 (20ms, ?B)
[2026-06-14T13:26:51.075Z] GET http://localhost:5173/src/components/Portfolio.tsx?t=1781443598424 → 304 (20ms, ?B)
[2026-06-14T13:26:51.075Z] GET http://localhost:5173/src/components/Landing.tsx?t=1781443598424 → 304 (20ms, ?B)
[2026-06-14T13:26:51.075Z] GET http://localhost:5173/src/components/Brand.tsx → 304 (21ms, ?B)
[2026-06-14T13:26:51.075Z] GET http://localhost:5173/src/components/ui.tsx?t=1781443598424 → 304 (21ms, ?B)
[2026-06-14T13:26:51.080Z] GET https://fonts.gstatic.com/s/fraunces/v38/6NU58FyLNQOQZAnv9ZwNjucMHVn85Ni7emAe9lKqZTnbB-gzTK0K1ChjeveQ.woff2 → 200 (?ms, -815B)
[2026-06-14T13:26:51.081Z] GET https://fonts.gstatic.com/s/fraunces/v38/6NU78FyLNQOQZAnv9bYEvDiIdE9Ea92uemAk_WBq8U_9v0c2Wa0KxCFTeO-U.woff2 → 200 (?ms, -814B)
[2026-06-14T13:26:51.081Z] GET https://fonts.gstatic.com/s/fraunces/v38/6NU78FyLNQOQZAnv9bYEvDiIdE9Ea92uemAk_WBq8U_9v0c2Wa0KxC9TeA.woff2 → 200 (?ms, -814B)
[2026-06-14T13:26:51.082Z] GET https://fonts.gstatic.com/s/hankengrotesk/v12/ieVn2YZDLWuGJpnzaiwFXS9tYtpd59A.woff2 → 200 (?ms, -814B)
[2026-06-14T13:26:51.082Z] GET https://fonts.gstatic.com/s/jetbrainsmono/v24/tDbv2o-flEEny0FZhsfKu5WU4zr3E_BX0PnT8RD8yKwBNntkaToggR7BYRbKPxDcwg.woff2 → 200 (?ms, -815B)
[2026-06-14T13:26:51.095Z] GET http://localhost:5173/src/mock.ts → 304 (1ms, ?B)
[2026-06-14T13:26:51.132Z] GET http://localhost:5173/api/catalog → 500 (13ms, ?B)
[2026-06-14T13:26:51.132Z] GET http://localhost:5173/api/catalog → 500 (12ms, ?B)
[2026-06-14T13:26:51.189Z] GET http://localhost:5173/ → 200 (7ms, 1251B)
[2026-06-14T13:26:51.211Z] GET http://localhost:5173/@vite/client → 304 (35ms, ?B)
[2026-06-14T13:26:51.211Z] GET https://fonts.googleapis.com/css2?family=Fraunces:ital,opsz,wght@0,9..144,300..600;1,9..144,400..500&family=Hanken+Grotesk:wght@400;500;600;700&family=JetBrains+Mono:wght@400;500;600&display=swap → 200 (1ms, -743B)
[2026-06-14T13:26:51.213Z] GET http://localhost:5173/src/main.tsx?t=1781443611132 → 200 (33ms, 2046B)
[2026-06-14T13:26:51.214Z] GET http://localhost:5173/@react-refresh → 304 (36ms, ?B)
[2026-06-14T13:26:51.232Z] GET https://fonts.gstatic.com/s/fraunces/v38/6NU58FyLNQOQZAnv9ZwNjucMHVn85Ni7emAe9lKqZTnbB-gzTK0K1ChjeveQ.woff2 → 200 (?ms, -815B)
[2026-06-14T13:26:51.234Z] GET https://fonts.gstatic.com/s/fraunces/v38/6NU78FyLNQOQZAnv9bYEvDiIdE9Ea92uemAk_WBq8U_9v0c2Wa0KxCFTeO-U.woff2 → 200 (?ms, -814B)
[2026-06-14T13:26:51.234Z] GET https://fonts.gstatic.com/s/fraunces/v38/6NU78FyLNQOQZAnv9bYEvDiIdE9Ea92uemAk_WBq8U_9v0c2Wa0KxC9TeA.woff2 → 200 (?ms, -814B)
[2026-06-14T13:26:51.234Z] GET https://fonts.gstatic.com/s/hankengrotesk/v12/ieVn2YZDLWuGJpnzaiwFXS9tYtpd59A.woff2 → 200 (?ms, -814B)
[2026-06-14T13:26:51.235Z] GET https://fonts.gstatic.com/s/jetbrainsmono/v24/tDbv2o-flEEny0FZhsfKu5WU4zr3E_BX0PnT8RD8yKwBNntkaToggR7BYRbKPxDcwg.woff2 → 200 (?ms, -815B)
[2026-06-14T13:26:51.246Z] GET http://localhost:5173/node_modules/vite/dist/client/env.mjs → 304 (17ms, ?B)
[2026-06-14T13:26:51.249Z] GET http://localhost:5173/node_modules/.vite/deps/react_jsx-dev-runtime.js?v=dd9114a9 → 200 (?ms, -263B)
[2026-06-14T13:26:51.249Z] GET http://localhost:5173/node_modules/.vite/deps/react.js?v=dd9114a9 → 200 (?ms, -259B)
[2026-06-14T13:26:51.250Z] GET http://localhost:5173/node_modules/.vite/deps/react-dom_client.js?v=dd9114a9 → 200 (?ms, -261B)
[2026-06-14T13:26:51.250Z] GET http://localhost:5173/src/index.css?t=1781443611132 → 200 (13ms, 39092B)
[2026-06-14T13:26:51.250Z] GET http://localhost:5173/src/App.tsx?t=1781443598424 → 304 (18ms, ?B)
[2026-06-14T13:26:51.250Z] GET http://localhost:5173/node_modules/.vite/deps/chunk-REFQX4J5.js?v=dd9114a9 → 200 (?ms, -264B)
[2026-06-14T13:26:51.251Z] GET http://localhost:5173/node_modules/.vite/deps/chunk-HCIN4FJ4.js?v=dd9114a9 → 200 (?ms, -265B)
[2026-06-14T13:26:51.269Z] GET http://localhost:5173/src/api.ts → 304 (11ms, ?B)
[2026-06-14T13:26:51.269Z] GET http://localhost:5173/src/components/HealthCard.tsx?t=1781443598424 → 304 (11ms, ?B)
[2026-06-14T13:26:51.269Z] GET http://localhost:5173/src/components/UnderwriterConsole.tsx?t=1781443598424 → 304 (11ms, ?B)
[2026-06-14T13:26:51.269Z] GET http://localhost:5173/src/components/AuditTrail.tsx?t=1781443598424 → 304 (12ms, ?B)
[2026-06-14T13:26:51.269Z] GET http://localhost:5173/src/components/Portfolio.tsx?t=1781443598424 → 304 (12ms, ?B)
[2026-06-14T13:26:51.269Z] GET http://localhost:5173/src/components/Landing.tsx?t=1781443598424 → 304 (12ms, ?B)
[2026-06-14T13:26:51.269Z] GET http://localhost:5173/src/components/Brand.tsx → 304 (12ms, ?B)
[2026-06-14T13:26:51.269Z] GET http://localhost:5173/src/components/ui.tsx?t=1781443598424 → 304 (13ms, ?B)
[2026-06-14T13:26:51.280Z] GET http://localhost:5173/src/mock.ts → 304 (4ms, ?B)
[2026-06-14T13:26:51.334Z] GET http://localhost:5173/api/catalog → pending (?ms, ?B)
[2026-06-14T13:26:51.334Z] GET http://localhost:5173/api/catalog → pending (?ms, ?B)
[2026-06-14T13:26:51.385Z] GET http://localhost:5173/ → 200 (9ms, 1251B)
[2026-06-14T13:26:51.411Z] GET http://localhost:5173/@vite/client → 304 (10ms, ?B)
[2026-06-14T13:26:51.411Z] GET https://fonts.googleapis.com/css2?family=Fraunces:ital,opsz,wght@0,9..144,300..600;1,9..144,400..500&family=Hanken+Grotesk:wght@400;500;600;700&family=JetBrains+Mono:wght@400;500;600&display=swap → 200 (7ms, -743B)
[2026-06-14T13:26:51.419Z] GET http://localhost:5173/src/main.tsx?t=1781443611289 → 200 (18ms, 2046B)
[2026-06-14T13:26:51.437Z] GET http://localhost:5173/@react-refresh → 304 (6ms, ?B)
[2026-06-14T13:26:51.437Z] GET http://localhost:5173/node_modules/vite/dist/client/env.mjs → 304 (21ms, ?B)
[2026-06-14T13:26:51.437Z] GET https://fonts.gstatic.com/s/fraunces/v38/6NU58FyLNQOQZAnv9ZwNjucMHVn85Ni7emAe9lKqZTnbB-gzTK0K1ChjeveQ.woff2 → 200 (1ms, -815B)
[2026-06-14T13:26:51.438Z] GET https://fonts.gstatic.com/s/fraunces/v38/6NU78FyLNQOQZAnv9bYEvDiIdE9Ea92uemAk_WBq8U_9v0c2Wa0KxCFTeO-U.woff2 → 200 (?ms, -814B)
[2026-06-14T13:26:51.439Z] GET https://fonts.gstatic.com/s/fraunces/v38/6NU78FyLNQOQZAnv9bYEvDiIdE9Ea92uemAk_WBq8U_9v0c2Wa0KxC9TeA.woff2 → 200 (?ms, -814B)
[2026-06-14T13:26:51.439Z] GET https://fonts.gstatic.com/s/hankengrotesk/v12/ieVn2YZDLWuGJpnzaiwFXS9tYtpd59A.woff2 → 200 (1ms, -814B)
[2026-06-14T13:26:51.440Z] GET https://fonts.gstatic.com/s/jetbrainsmono/v24/tDbv2o-flEEny0FZhsfKu5WU4zr3E_BX0PnT8RD8yKwBNntkaToggR7BYRbKPxDcwg.woff2 → 200 (?ms, -815B)
[2026-06-14T13:26:51.441Z] GET http://localhost:5173/node_modules/.vite/deps/react_jsx-dev-runtime.js?v=dd9114a9 → 200 (?ms, -263B)
[2026-06-14T13:26:51.441Z] GET http://localhost:5173/node_modules/.vite/deps/react.js?v=dd9114a9 → 200 (?ms, -259B)
[2026-06-14T13:26:51.442Z] GET http://localhost:5173/node_modules/.vite/deps/react-dom_client.js?v=dd9114a9 → 200 (?ms, -261B)
[2026-06-14T13:26:51.442Z] GET http://localhost:5173/src/index.css?t=1781443611289 → 200 (18ms, 39092B)
[2026-06-14T13:26:51.442Z] GET http://localhost:5173/src/App.tsx?t=1781443598424 → 304 (17ms, ?B)
[2026-06-14T13:26:51.442Z] GET http://localhost:5173/node_modules/.vite/deps/chunk-REFQX4J5.js?v=dd9114a9 → 200 (?ms, -264B)
[2026-06-14T13:26:51.443Z] GET http://localhost:5173/node_modules/.vite/deps/chunk-HCIN4FJ4.js?v=dd9114a9 → 200 (?ms, -265B)
[2026-06-14T13:26:51.459Z] GET http://localhost:5173/src/api.ts → 304 (15ms, ?B)
[2026-06-14T13:26:51.459Z] GET http://localhost:5173/src/components/HealthCard.tsx?t=1781443598424 → 304 (16ms, ?B)
[2026-06-14T13:26:51.459Z] GET http://localhost:5173/src/components/UnderwriterConsole.tsx?t=1781443598424 → 304 (16ms, ?B)
[2026-06-14T13:26:51.459Z] GET http://localhost:5173/src/components/AuditTrail.tsx?t=1781443598424 → 304 (16ms, ?B)
[2026-06-14T13:26:51.459Z] GET http://localhost:5173/src/components/Portfolio.tsx?t=1781443598424 → 304 (16ms, ?B)
[2026-06-14T13:26:51.459Z] GET http://localhost:5173/src/components/Landing.tsx?t=1781443598424 → 304 (17ms, ?B)
[2026-06-14T13:26:51.459Z] GET http://localhost:5173/src/components/Brand.tsx → 304 (17ms, ?B)
[2026-06-14T13:26:51.459Z] GET http://localhost:5173/src/components/ui.tsx?t=1781443598424 → 304 (17ms, ?B)
[2026-06-14T13:26:51.474Z] GET http://localhost:5173/src/mock.ts → 304 (2ms, ?B)
[2026-06-14T13:26:51.524Z] GET http://localhost:5173/api/catalog → 500 (32ms, ?B)
[2026-06-14T13:26:51.524Z] GET http://localhost:5173/api/catalog → 500 (29ms, ?B)
[2026-06-14T13:26:51.614Z] GET http://localhost:5173/ → 200 (10ms, 1251B)
[2026-06-14T13:26:51.658Z] GET http://localhost:5173/@vite/client → 304 (2ms, ?B)
[2026-06-14T13:26:51.658Z] GET https://fonts.googleapis.com/css2?family=Fraunces:ital,opsz,wght@0,9..144,300..600;1,9..144,400..500&family=Hanken+Grotesk:wght@400;500;600;700&family=JetBrains+Mono:wght@400;500;600&display=swap → 200 (?ms, -743B)
[2026-06-14T13:26:51.659Z] GET http://localhost:5173/src/main.tsx?t=1781443611557 → 200 (12ms, 2046B)
[2026-06-14T13:26:51.659Z] GET http://localhost:5173/@react-refresh → 304 (11ms, ?B)
[2026-06-14T13:26:51.661Z] GET http://localhost:5173/node_modules/vite/dist/client/env.mjs → 304 (39ms, ?B)
[2026-06-14T13:26:51.678Z] GET http://localhost:5173/node_modules/.vite/deps/react_jsx-dev-runtime.js?v=dd9114a9 → 200 (?ms, -263B)
[2026-06-14T13:26:51.679Z] GET http://localhost:5173/node_modules/.vite/deps/react.js?v=dd9114a9 → 200 (?ms, -259B)
[2026-06-14T13:26:51.680Z] GET http://localhost:5173/node_modules/.vite/deps/react-dom_client.js?v=dd9114a9 → 200 (?ms, -261B)
[2026-06-14T13:26:51.680Z] GET http://localhost:5173/src/index.css?t=1781443611557 → 200 (25ms, 39092B)
[2026-06-14T13:26:51.680Z] GET http://localhost:5173/src/App.tsx?t=1781443598424 → 304 (23ms, ?B)
[2026-06-14T13:26:51.680Z] GET http://localhost:5173/node_modules/.vite/deps/chunk-REFQX4J5.js?v=dd9114a9 → 200 (1ms, -264B)
[2026-06-14T13:26:51.681Z] GET http://localhost:5173/node_modules/.vite/deps/chunk-HCIN4FJ4.js?v=dd9114a9 → 200 (?ms, -265B)
[2026-06-14T13:26:51.700Z] GET https://fonts.gstatic.com/s/fraunces/v38/6NU58FyLNQOQZAnv9ZwNjucMHVn85Ni7emAe9lKqZTnbB-gzTK0K1ChjeveQ.woff2 → 200 (?ms, -815B)
[2026-06-14T13:26:51.701Z] GET https://fonts.gstatic.com/s/fraunces/v38/6NU78FyLNQOQZAnv9bYEvDiIdE9Ea92uemAk_WBq8U_9v0c2Wa0KxCFTeO-U.woff2 → 200 (?ms, -814B)
[2026-06-14T13:26:51.701Z] GET https://fonts.gstatic.com/s/fraunces/v38/6NU78FyLNQOQZAnv9bYEvDiIdE9Ea92uemAk_WBq8U_9v0c2Wa0KxC9TeA.woff2 → 200 (1ms, -814B)
[2026-06-14T13:26:51.702Z] GET https://fonts.gstatic.com/s/hankengrotesk/v12/ieVn2YZDLWuGJpnzaiwFXS9tYtpd59A.woff2 → 200 (?ms, -814B)
[2026-06-14T13:26:51.703Z] GET https://fonts.gstatic.com/s/jetbrainsmono/v24/tDbv2o-flEEny0FZhsfKu5WU4zr3E_BX0PnT8RD8yKwBNntkaToggR7BYRbKPxDcwg.woff2 → 200 (?ms, -815B)
[2026-06-14T13:26:51.705Z] GET http://localhost:5173/src/api.ts → 304 (1ms, ?B)
[2026-06-14T13:26:51.705Z] GET http://localhost:5173/src/components/HealthCard.tsx?t=1781443598424 → 304 (18ms, ?B)
[2026-06-14T13:26:51.705Z] GET http://localhost:5173/src/components/UnderwriterConsole.tsx?t=1781443598424 → 304 (19ms, ?B)
[2026-06-14T13:26:51.705Z] GET http://localhost:5173/src/components/AuditTrail.tsx?t=1781443598424 → 304 (19ms, ?B)
[2026-06-14T13:26:51.705Z] GET http://localhost:5173/src/components/Portfolio.tsx?t=1781443598424 → 304 (20ms, ?B)
[2026-06-14T13:26:51.705Z] GET http://localhost:5173/src/components/Landing.tsx?t=1781443598424 → 304 (20ms, ?B)
[2026-06-14T13:26:51.706Z] GET http://localhost:5173/src/components/Brand.tsx → 304 (20ms, ?B)
[2026-06-14T13:26:51.706Z] GET http://localhost:5173/src/components/ui.tsx?t=1781443598424 → 304 (20ms, ?B)
[2026-06-14T13:26:51.706Z] GET http://localhost:5173/src/mock.ts → 304 (21ms, ?B)
[2026-06-14T13:26:51.770Z] GET http://localhost:5173/api/catalog → 500 (32ms, ?B)
[2026-06-14T13:26:51.770Z] GET http://localhost:5173/api/catalog → 500 (8ms, ?B)
[2026-06-14T13:26:51.860Z] GET http://localhost:5173/ → 200 (10ms, 1251B)
[2026-06-14T13:26:51.888Z] GET http://localhost:5173/@vite/client → 304 (11ms, ?B)
[2026-06-14T13:26:51.889Z] GET https://fonts.googleapis.com/css2?family=Fraunces:ital,opsz,wght@0,9..144,300..600;1,9..144,400..500&family=Hanken+Grotesk:wght@400;500;600;700&family=JetBrains+Mono:wght@400;500;600&display=swap → 200 (9ms, -743B)
[2026-06-14T13:26:51.899Z] GET http://localhost:5173/src/main.tsx?t=1781443611805 → 200 (4ms, 2046B)
[2026-06-14T13:26:51.902Z] GET http://localhost:5173/@react-refresh → 304 (8ms, ?B)
[2026-06-14T13:26:51.903Z] GET http://localhost:5173/node_modules/vite/dist/client/env.mjs → 304 (7ms, ?B)
[2026-06-14T13:26:51.908Z] GET http://localhost:5173/node_modules/.vite/deps/react_jsx-dev-runtime.js?v=dd9114a9 → 200 (?ms, -263B)
[2026-06-14T13:26:51.909Z] GET http://localhost:5173/node_modules/.vite/deps/react.js?v=dd9114a9 → 200 (?ms, -259B)
[2026-06-14T13:26:51.909Z] GET http://localhost:5173/node_modules/.vite/deps/react-dom_client.js?v=dd9114a9 → 200 (?ms, -261B)
[2026-06-14T13:26:51.909Z] GET http://localhost:5173/src/index.css?t=1781443611805 → 200 (17ms, 39092B)
[2026-06-14T13:26:51.909Z] GET http://localhost:5173/src/App.tsx?t=1781443598424 → 304 (15ms, ?B)
[2026-06-14T13:26:51.909Z] GET http://localhost:5173/node_modules/.vite/deps/chunk-REFQX4J5.js?v=dd9114a9 → 200 (1ms, -264B)
[2026-06-14T13:26:51.910Z] GET http://localhost:5173/node_modules/.vite/deps/chunk-HCIN4FJ4.js?v=dd9114a9 → 200 (?ms, -265B)
[2026-06-14T13:26:51.925Z] GET http://localhost:5173/src/api.ts → 304 (5ms, ?B)
[2026-06-14T13:26:51.925Z] GET http://localhost:5173/src/components/HealthCard.tsx?t=1781443598424 → 304 (6ms, ?B)
[2026-06-14T13:26:51.925Z] GET http://localhost:5173/src/components/UnderwriterConsole.tsx?t=1781443598424 → 304 (19ms, ?B)
[2026-06-14T13:26:51.925Z] GET http://localhost:5173/src/components/AuditTrail.tsx?t=1781443598424 → 304 (20ms, ?B)
[2026-06-14T13:26:51.925Z] GET http://localhost:5173/src/components/Portfolio.tsx?t=1781443598424 → 304 (22ms, ?B)
[2026-06-14T13:26:51.926Z] GET http://localhost:5173/src/components/Landing.tsx?t=1781443598424 → 304 (22ms, ?B)
[2026-06-14T13:26:51.926Z] GET http://localhost:5173/src/components/Brand.tsx → 304 (22ms, ?B)
[2026-06-14T13:26:51.926Z] GET http://localhost:5173/src/components/ui.tsx?t=1781443598424 → 304 (23ms, ?B)
[2026-06-14T13:26:51.931Z] GET http://localhost:5173/src/mock.ts → 304 (18ms, ?B)
[2026-06-14T13:26:51.945Z] GET https://fonts.gstatic.com/s/fraunces/v38/6NU58FyLNQOQZAnv9ZwNjucMHVn85Ni7emAe9lKqZTnbB-gzTK0K1ChjeveQ.woff2 → 200 (?ms, -815B)
[2026-06-14T13:26:51.945Z] GET https://fonts.gstatic.com/s/fraunces/v38/6NU78FyLNQOQZAnv9bYEvDiIdE9Ea92uemAk_WBq8U_9v0c2Wa0KxCFTeO-U.woff2 → 200 (1ms, -814B)
[2026-06-14T13:26:51.946Z] GET https://fonts.gstatic.com/s/fraunces/v38/6NU78FyLNQOQZAnv9bYEvDiIdE9Ea92uemAk_WBq8U_9v0c2Wa0KxC9TeA.woff2 → 200 (?ms, -814B)
[2026-06-14T13:26:51.946Z] GET https://fonts.gstatic.com/s/hankengrotesk/v12/ieVn2YZDLWuGJpnzaiwFXS9tYtpd59A.woff2 → 200 (?ms, -814B)
[2026-06-14T13:26:51.947Z] GET https://fonts.gstatic.com/s/jetbrainsmono/v24/tDbv2o-flEEny0FZhsfKu5WU4zr3E_BX0PnT8RD8yKwBNntkaToggR7BYRbKPxDcwg.woff2 → 200 (?ms, -815B)
[2026-06-14T13:26:52.047Z] GET http://localhost:5173/api/catalog → 500 (21ms, ?B)
[2026-06-14T13:26:52.047Z] GET http://localhost:5173/api/catalog → 500 (8ms, ?B)
[2026-06-14T13:26:52.127Z] GET http://localhost:5173/ → 200 (12ms, 1251B)
[2026-06-14T13:26:52.164Z] GET http://localhost:5173/@vite/client → 304 (30ms, ?B)
[2026-06-14T13:26:52.164Z] GET https://fonts.googleapis.com/css2?family=Fraunces:ital,opsz,wght@0,9..144,300..600;1,9..144,400..500&family=Hanken+Grotesk:wght@400;500;600;700&family=JetBrains+Mono:wght@400;500;600&display=swap → 200 (1ms, -743B)
[2026-06-14T13:26:52.165Z] GET http://localhost:5173/src/main.tsx?t=1781443612068 → 200 (44ms, 2046B)
[2026-06-14T13:26:52.165Z] GET http://localhost:5173/@react-refresh → 304 (44ms, ?B)
[2026-06-14T13:26:52.181Z] GET https://fonts.gstatic.com/s/fraunces/v38/6NU58FyLNQOQZAnv9ZwNjucMHVn85Ni7emAe9lKqZTnbB-gzTK0K1ChjeveQ.woff2 → 200 (4ms, -815B)
[2026-06-14T13:26:52.186Z] GET https://fonts.gstatic.com/s/fraunces/v38/6NU78FyLNQOQZAnv9bYEvDiIdE9Ea92uemAk_WBq8U_9v0c2Wa0KxCFTeO-U.woff2 → 200 (?ms, -814B)
[2026-06-14T13:26:52.186Z] GET https://fonts.gstatic.com/s/fraunces/v38/6NU78FyLNQOQZAnv9bYEvDiIdE9Ea92uemAk_WBq8U_9v0c2Wa0KxC9TeA.woff2 → 200 (1ms, -814B)
[2026-06-14T13:26:52.188Z] GET https://fonts.gstatic.com/s/hankengrotesk/v12/ieVn2YZDLWuGJpnzaiwFXS9tYtpd59A.woff2 → 200 (?ms, -814B)
[2026-06-14T13:26:52.188Z] GET https://fonts.gstatic.com/s/jetbrainsmono/v24/tDbv2o-flEEny0FZhsfKu5WU4zr3E_BX0PnT8RD8yKwBNntkaToggR7BYRbKPxDcwg.woff2 → 200 (1ms, -815B)
[2026-06-14T13:26:52.195Z] GET http://localhost:5173/node_modules/vite/dist/client/env.mjs → 304 (31ms, ?B)
[2026-06-14T13:26:52.224Z] GET http://localhost:5173/node_modules/.vite/deps/react_jsx-dev-runtime.js?v=dd9114a9 → 200 (?ms, -263B)
[2026-06-14T13:26:52.224Z] GET http://localhost:5173/node_modules/.vite/deps/react.js?v=dd9114a9 → 200 (1ms, -259B)
[2026-06-14T13:26:52.225Z] GET http://localhost:5173/node_modules/.vite/deps/react-dom_client.js?v=dd9114a9 → 200 (?ms, -261B)
[2026-06-14T13:26:52.225Z] GET http://localhost:5173/src/index.css?t=1781443612068 → 200 (2ms, 39092B)
[2026-06-14T13:26:52.225Z] GET http://localhost:5173/src/App.tsx?t=1781443598424 → 304 (2ms, ?B)
[2026-06-14T13:26:52.225Z] GET http://localhost:5173/node_modules/.vite/deps/chunk-REFQX4J5.js?v=dd9114a9 → 200 (1ms, -264B)
[2026-06-14T13:26:52.226Z] GET http://localhost:5173/node_modules/.vite/deps/chunk-HCIN4FJ4.js?v=dd9114a9 → 200 (?ms, -265B)
[2026-06-14T13:26:52.228Z] GET http://localhost:5173/src/api.ts → 304 (17ms, ?B)
[2026-06-14T13:26:52.228Z] GET http://localhost:5173/src/components/HealthCard.tsx?t=1781443598424 → 304 (19ms, ?B)
[2026-06-14T13:26:52.228Z] GET http://localhost:5173/src/components/UnderwriterConsole.tsx?t=1781443598424 → 304 (19ms, ?B)
[2026-06-14T13:26:52.228Z] GET http://localhost:5173/src/components/AuditTrail.tsx?t=1781443598424 → 304 (20ms, ?B)
[2026-06-14T13:26:52.228Z] GET http://localhost:5173/src/components/Portfolio.tsx?t=1781443598424 → 304 (20ms, ?B)
[2026-06-14T13:26:52.228Z] GET http://localhost:5173/src/components/Landing.tsx?t=1781443598424 → 304 (21ms, ?B)
[2026-06-14T13:26:52.228Z] GET http://localhost:5173/src/components/Brand.tsx → 304 (39ms, ?B)
[2026-06-14T13:26:52.228Z] GET http://localhost:5173/src/components/ui.tsx?t=1781443598424 → 304 (40ms, ?B)
[2026-06-14T13:26:52.246Z] GET http://localhost:5173/src/mock.ts → 304 (22ms, ?B)
[2026-06-14T13:26:52.341Z] GET http://localhost:5173/api/catalog → pending (?ms, ?B)
[2026-06-14T13:26:52.341Z] GET http://localhost:5173/api/catalog → pending (?ms, ?B)
[2026-06-14T13:26:52.442Z] GET http://localhost:5173/ → 200 (31ms, 1251B)
[2026-06-14T13:26:52.489Z] GET http://localhost:5173/@vite/client → 304 (25ms, ?B)
[2026-06-14T13:26:52.493Z] GET https://fonts.googleapis.com/css2?family=Fraunces:ital,opsz,wght@0,9..144,300..600;1,9..144,400..500&family=Hanken+Grotesk:wght@400;500;600;700&family=JetBrains+Mono:wght@400;500;600&display=swap → 200 (9ms, -743B)
[2026-06-14T13:26:52.503Z] GET http://localhost:5173/src/main.tsx?t=1781443612380 → 200 (20ms, 2046B)
[2026-06-14T13:26:52.514Z] GET http://localhost:5173/@react-refresh → 304 (12ms, ?B)
[2026-06-14T13:26:52.524Z] GET http://localhost:5173/node_modules/vite/dist/client/env.mjs → 304 (21ms, ?B)
[2026-06-14T13:26:52.524Z] GET http://localhost:5173/node_modules/.vite/deps/react_jsx-dev-runtime.js?v=dd9114a9 → 200 (?ms, -263B)
[2026-06-14T13:26:52.524Z] GET http://localhost:5173/node_modules/.vite/deps/react.js?v=dd9114a9 → 200 (?ms, -259B)
[2026-06-14T13:26:52.524Z] GET http://localhost:5173/node_modules/.vite/deps/react-dom_client.js?v=dd9114a9 → 200 (1ms, -261B)
[2026-06-14T13:26:52.525Z] GET http://localhost:5173/src/index.css?t=1781443612380 → 200 (49ms, 39092B)
[2026-06-14T13:26:52.525Z] GET http://localhost:5173/src/App.tsx?t=1781443598424 → 304 (47ms, ?B)
[2026-06-14T13:26:52.525Z] GET http://localhost:5173/node_modules/.vite/deps/chunk-REFQX4J5.js?v=dd9114a9 → 200 (?ms, -264B)
[2026-06-14T13:26:52.544Z] GET http://localhost:5173/node_modules/.vite/deps/chunk-HCIN4FJ4.js?v=dd9114a9 → 200 (?ms, -265B)
[2026-06-14T13:26:52.570Z] GET https://fonts.gstatic.com/s/fraunces/v38/6NU58FyLNQOQZAnv9ZwNjucMHVn85Ni7emAe9lKqZTnbB-gzTK0K1ChjeveQ.woff2 → 200 (?ms, -815B)
[2026-06-14T13:26:52.570Z] GET https://fonts.gstatic.com/s/fraunces/v38/6NU78FyLNQOQZAnv9bYEvDiIdE9Ea92uemAk_WBq8U_9v0c2Wa0KxCFTeO-U.woff2 → 200 (1ms, -814B)
[2026-06-14T13:26:52.571Z] GET https://fonts.gstatic.com/s/fraunces/v38/6NU78FyLNQOQZAnv9bYEvDiIdE9Ea92uemAk_WBq8U_9v0c2Wa0KxC9TeA.woff2 → 200 (?ms, -814B)
[2026-06-14T13:26:52.571Z] GET https://fonts.gstatic.com/s/hankengrotesk/v12/ieVn2YZDLWuGJpnzaiwFXS9tYtpd59A.woff2 → 200 (1ms, -814B)
[2026-06-14T13:26:52.572Z] GET https://fonts.gstatic.com/s/jetbrainsmono/v24/tDbv2o-flEEny0FZhsfKu5WU4zr3E_BX0PnT8RD8yKwBNntkaToggR7BYRbKPxDcwg.woff2 → 200 (?ms, -815B)
[2026-06-14T13:26:52.574Z] GET http://localhost:5173/src/api.ts → 304 (20ms, ?B)
[2026-06-14T13:26:52.575Z] GET http://localhost:5173/src/components/HealthCard.tsx?t=1781443598424 → 304 (20ms, ?B)
[2026-06-14T13:26:52.575Z] GET http://localhost:5173/src/components/UnderwriterConsole.tsx?t=1781443598424 → 304 (20ms, ?B)
[2026-06-14T13:26:52.575Z] GET http://localhost:5173/src/components/AuditTrail.tsx?t=1781443598424 → 304 (21ms, ?B)
[2026-06-14T13:26:52.575Z] GET http://localhost:5173/src/components/Portfolio.tsx?t=1781443598424 → 304 (21ms, ?B)
[2026-06-14T13:26:52.575Z] GET http://localhost:5173/src/components/Landing.tsx?t=1781443598424 → 304 (21ms, ?B)
[2026-06-14T13:26:52.575Z] GET http://localhost:5173/src/components/Brand.tsx → 304 (22ms, ?B)
[2026-06-14T13:26:52.575Z] GET http://localhost:5173/src/components/ui.tsx?t=1781443598424 → 304 (22ms, ?B)
[2026-06-14T13:26:52.595Z] GET http://localhost:5173/src/mock.ts → 304 (2ms, ?B)
[2026-06-14T13:26:52.682Z] GET http://localhost:5173/api/catalog → 500 (39ms, ?B)
[2026-06-14T13:26:52.683Z] GET http://localhost:5173/api/catalog → 500 (38ms, ?B)
[2026-06-14T13:26:52.783Z] GET http://localhost:5173/ → 200 (13ms, 1251B)
[2026-06-14T13:26:52.823Z] GET http://localhost:5173/@vite/client → 304 (28ms, ?B)
[2026-06-14T13:26:52.823Z] GET https://fonts.googleapis.com/css2?family=Fraunces:ital,opsz,wght@0,9..144,300..600;1,9..144,400..500&family=Hanken+Grotesk:wght@400;500;600;700&family=JetBrains+Mono:wght@400;500;600&display=swap → 200 (1ms, -743B)
[2026-06-14T13:26:52.825Z] GET http://localhost:5173/src/main.tsx?t=1781443612727 → 200 (35ms, 2046B)
[2026-06-14T13:26:52.826Z] GET http://localhost:5173/@react-refresh → 304 (33ms, ?B)
[2026-06-14T13:26:52.832Z] GET https://fonts.gstatic.com/s/fraunces/v38/6NU58FyLNQOQZAnv9ZwNjucMHVn85Ni7emAe9lKqZTnbB-gzTK0K1ChjeveQ.woff2 → 200 (10ms, -815B)
[2026-06-14T13:26:52.842Z] GET https://fonts.gstatic.com/s/fraunces/v38/6NU78FyLNQOQZAnv9bYEvDiIdE9Ea92uemAk_WBq8U_9v0c2Wa0KxCFTeO-U.woff2 → 200 (?ms, -814B)
[2026-06-14T13:26:52.850Z] GET https://fonts.gstatic.com/s/fraunces/v38/6NU78FyLNQOQZAnv9bYEvDiIdE9Ea92uemAk_WBq8U_9v0c2Wa0KxC9TeA.woff2 → 200 (?ms, -814B)
[2026-06-14T13:26:52.850Z] GET https://fonts.gstatic.com/s/hankengrotesk/v12/ieVn2YZDLWuGJpnzaiwFXS9tYtpd59A.woff2 → 200 (1ms, -814B)
[2026-06-14T13:26:52.851Z] GET https://fonts.gstatic.com/s/jetbrainsmono/v24/tDbv2o-flEEny0FZhsfKu5WU4zr3E_BX0PnT8RD8yKwBNntkaToggR7BYRbKPxDcwg.woff2 → 200 (?ms, -815B)
[2026-06-14T13:26:52.859Z] GET http://localhost:5173/node_modules/vite/dist/client/env.mjs → 304 (7ms, ?B)
[2026-06-14T13:26:52.860Z] GET http://localhost:5173/node_modules/.vite/deps/react_jsx-dev-runtime.js?v=dd9114a9 → 200 (?ms, -263B)
[2026-06-14T13:26:52.861Z] GET http://localhost:5173/node_modules/.vite/deps/react.js?v=dd9114a9 → 200 (?ms, -259B)
[2026-06-14T13:26:52.861Z] GET http://localhost:5173/node_modules/.vite/deps/react-dom_client.js?v=dd9114a9 → 200 (?ms, -261B)
[2026-06-14T13:26:52.861Z] GET http://localhost:5173/src/index.css?t=1781443612727 → 200 (22ms, 39092B)
[2026-06-14T13:26:52.862Z] GET http://localhost:5173/src/App.tsx?t=1781443598424 → 304 (20ms, ?B)
[2026-06-14T13:26:52.862Z] GET http://localhost:5173/node_modules/.vite/deps/chunk-REFQX4J5.js?v=dd9114a9 → 200 (?ms, -264B)
[2026-06-14T13:26:52.866Z] GET http://localhost:5173/node_modules/.vite/deps/chunk-HCIN4FJ4.js?v=dd9114a9 → 200 (?ms, -265B)
[2026-06-14T13:26:52.882Z] GET http://localhost:5173/src/api.ts → 304 (2ms, ?B)
[2026-06-14T13:26:52.882Z] GET http://localhost:5173/src/components/HealthCard.tsx?t=1781443598424 → 304 (2ms, ?B)
[2026-06-14T13:26:52.883Z] GET http://localhost:5173/src/components/UnderwriterConsole.tsx?t=1781443598424 → 304 (5ms, ?B)
[2026-06-14T13:26:52.883Z] GET http://localhost:5173/src/components/AuditTrail.tsx?t=1781443598424 → 304 (5ms, ?B)
[2026-06-14T13:26:52.883Z] GET http://localhost:5173/src/components/Portfolio.tsx?t=1781443598424 → 304 (17ms, ?B)
[2026-06-14T13:26:52.883Z] GET http://localhost:5173/src/components/Landing.tsx?t=1781443598424 → 304 (17ms, ?B)
[2026-06-14T13:26:52.883Z] GET http://localhost:5173/src/components/Brand.tsx → 304 (18ms, ?B)
[2026-06-14T13:26:52.883Z] GET http://localhost:5173/src/components/ui.tsx?t=1781443598424 → 304 (18ms, ?B)
[2026-06-14T13:26:52.884Z] GET http://localhost:5173/src/mock.ts → 304 (17ms, ?B)
[2026-06-14T13:26:52.970Z] GET http://localhost:5173/api/catalog → 500 (28ms, ?B)
[2026-06-14T13:26:52.971Z] GET http://localhost:5173/api/catalog → 500 (25ms, ?B)
[2026-06-14T13:26:53.909Z] GET http://localhost:5173/ → 200 (6ms, 1251B)
[2026-06-14T13:26:53.931Z] GET http://localhost:5173/@vite/client → 304 (3ms, ?B)
[2026-06-14T13:26:53.932Z] GET https://fonts.googleapis.com/css2?family=Fraunces:ital,opsz,wght@0,9..144,300..600;1,9..144,400..500&family=Hanken+Grotesk:wght@400;500;600;700&family=JetBrains+Mono:wght@400;500;600&display=swap → 200 (?ms, -743B)
[2026-06-14T13:26:53.932Z] GET http://localhost:5173/src/main.tsx?t=1781443613855 → 200 (3ms, 2046B)
[2026-06-14T13:26:53.933Z] GET http://localhost:5173/@react-refresh → 304 (15ms, ?B)
[2026-06-14T13:26:53.935Z] GET http://localhost:5173/node_modules/vite/dist/client/env.mjs → 304 (16ms, ?B)
[2026-06-14T13:26:53.938Z] GET http://localhost:5173/node_modules/.vite/deps/react_jsx-dev-runtime.js?v=dd9114a9 → 200 (?ms, -263B)
[2026-06-14T13:26:53.939Z] GET http://localhost:5173/node_modules/.vite/deps/react.js?v=dd9114a9 → 200 (?ms, -259B)
[2026-06-14T13:26:53.939Z] GET http://localhost:5173/node_modules/.vite/deps/react-dom_client.js?v=dd9114a9 → 200 (?ms, -261B)
[2026-06-14T13:26:53.943Z] GET http://localhost:5173/src/index.css?t=1781443613855 → 200 (12ms, 39092B)
[2026-06-14T13:26:53.943Z] GET http://localhost:5173/src/App.tsx?t=1781443598424 → 304 (12ms, ?B)
[2026-06-14T13:26:53.949Z] GET http://localhost:5173/node_modules/.vite/deps/chunk-REFQX4J5.js?v=dd9114a9 → 200 (?ms, -264B)
[2026-06-14T13:26:53.951Z] GET http://localhost:5173/node_modules/.vite/deps/chunk-HCIN4FJ4.js?v=dd9114a9 → 200 (?ms, -265B)
[2026-06-14T13:26:53.955Z] GET http://localhost:5173/src/api.ts → 304 (5ms, ?B)
[2026-06-14T13:26:53.955Z] GET http://localhost:5173/src/components/HealthCard.tsx?t=1781443598424 → 304 (5ms, ?B)
[2026-06-14T13:26:53.955Z] GET http://localhost:5173/src/components/UnderwriterConsole.tsx?t=1781443598424 → 304 (13ms, ?B)
[2026-06-14T13:26:53.955Z] GET http://localhost:5173/src/components/AuditTrail.tsx?t=1781443598424 → 304 (13ms, ?B)
[2026-06-14T13:26:53.955Z] GET http://localhost:5173/src/components/Portfolio.tsx?t=1781443598424 → 304 (15ms, ?B)
[2026-06-14T13:26:53.955Z] GET http://localhost:5173/src/components/Landing.tsx?t=1781443598424 → 304 (15ms, ?B)
[2026-06-14T13:26:53.955Z] GET http://localhost:5173/src/components/Brand.tsx → 304 (15ms, ?B)
[2026-06-14T13:26:53.955Z] GET http://localhost:5173/src/components/ui.tsx?t=1781443598424 → 304 (16ms, ?B)
[2026-06-14T13:26:53.955Z] GET https://fonts.gstatic.com/s/fraunces/v38/6NU58FyLNQOQZAnv9ZwNjucMHVn85Ni7emAe9lKqZTnbB-gzTK0K1ChjeveQ.woff2 → 200 (1ms, -815B)
[2026-06-14T13:26:53.956Z] GET https://fonts.gstatic.com/s/fraunces/v38/6NU78FyLNQOQZAnv9bYEvDiIdE9Ea92uemAk_WBq8U_9v0c2Wa0KxCFTeO-U.woff2 → 200 (?ms, -814B)
[2026-06-14T13:26:53.956Z] GET https://fonts.gstatic.com/s/fraunces/v38/6NU78FyLNQOQZAnv9bYEvDiIdE9Ea92uemAk_WBq8U_9v0c2Wa0KxC9TeA.woff2 → 200 (?ms, -814B)
[2026-06-14T13:26:53.956Z] GET https://fonts.gstatic.com/s/hankengrotesk/v12/ieVn2YZDLWuGJpnzaiwFXS9tYtpd59A.woff2 → 200 (?ms, -814B)
[2026-06-14T13:26:53.957Z] GET https://fonts.gstatic.com/s/jetbrainsmono/v24/tDbv2o-flEEny0FZhsfKu5WU4zr3E_BX0PnT8RD8yKwBNntkaToggR7BYRbKPxDcwg.woff2 → 200 (?ms, -815B)
[2026-06-14T13:26:53.960Z] GET http://localhost:5173/src/mock.ts → 304 (11ms, ?B)
[2026-06-14T13:26:54.014Z] GET http://localhost:5173/api/catalog → 500 (14ms, ?B)
[2026-06-14T13:26:54.014Z] GET http://localhost:5173/api/catalog → 500 (13ms, ?B)
[2026-06-14T13:26:56.028Z] GET http://localhost:5173/ → 200 (9ms, 1251B)
[2026-06-14T13:26:56.052Z] GET http://localhost:5173/@vite/client → 304 (23ms, ?B)
[2026-06-14T13:26:56.052Z] GET https://fonts.googleapis.com/css2?family=Fraunces:ital,opsz,wght@0,9..144,300..600;1,9..144,400..500&family=Hanken+Grotesk:wght@400;500;600;700&family=JetBrains+Mono:wght@400;500;600&display=swap → 200 (?ms, -743B)
[2026-06-14T13:26:56.053Z] GET http://localhost:5173/src/main.tsx?t=1781443615973 → 200 (46ms, 2046B)
[2026-06-14T13:26:56.054Z] GET http://localhost:5173/@react-refresh → 304 (45ms, ?B)
[2026-06-14T13:26:56.067Z] GET https://fonts.gstatic.com/s/fraunces/v38/6NU58FyLNQOQZAnv9ZwNjucMHVn85Ni7emAe9lKqZTnbB-gzTK0K1ChjeveQ.woff2 → 200 (1ms, -815B)
[2026-06-14T13:26:56.069Z] GET https://fonts.gstatic.com/s/fraunces/v38/6NU78FyLNQOQZAnv9bYEvDiIdE9Ea92uemAk_WBq8U_9v0c2Wa0KxCFTeO-U.woff2 → 200 (?ms, -814B)
[2026-06-14T13:26:56.070Z] GET https://fonts.gstatic.com/s/fraunces/v38/6NU78FyLNQOQZAnv9bYEvDiIdE9Ea92uemAk_WBq8U_9v0c2Wa0KxC9TeA.woff2 → 200 (?ms, -814B)
[2026-06-14T13:26:56.070Z] GET https://fonts.gstatic.com/s/hankengrotesk/v12/ieVn2YZDLWuGJpnzaiwFXS9tYtpd59A.woff2 → 200 (?ms, -814B)
[2026-06-14T13:26:56.070Z] GET https://fonts.gstatic.com/s/jetbrainsmono/v24/tDbv2o-flEEny0FZhsfKu5WU4zr3E_BX0PnT8RD8yKwBNntkaToggR7BYRbKPxDcwg.woff2 → 200 (?ms, -815B)
[2026-06-14T13:26:56.075Z] GET http://localhost:5173/node_modules/vite/dist/client/env.mjs → 304 (27ms, ?B)
[2026-06-14T13:26:56.100Z] GET http://localhost:5173/node_modules/.vite/deps/react_jsx-dev-runtime.js?v=dd9114a9 → 200 (?ms, -263B)
[2026-06-14T13:26:56.100Z] GET http://localhost:5173/node_modules/.vite/deps/react.js?v=dd9114a9 → 200 (?ms, -259B)
[2026-06-14T13:26:56.101Z] GET http://localhost:5173/node_modules/.vite/deps/react-dom_client.js?v=dd9114a9 → 200 (?ms, -261B)
[2026-06-14T13:26:56.101Z] GET http://localhost:5173/src/index.css?t=1781443615973 → 200 (19ms, 39092B)
[2026-06-14T13:26:56.101Z] GET http://localhost:5173/src/App.tsx?t=1781443598424 → 304 (18ms, ?B)
[2026-06-14T13:26:56.101Z] GET http://localhost:5173/node_modules/.vite/deps/chunk-REFQX4J5.js?v=dd9114a9 → 200 (?ms, -264B)
[2026-06-14T13:26:56.102Z] GET http://localhost:5173/node_modules/.vite/deps/chunk-HCIN4FJ4.js?v=dd9114a9 → 200 (?ms, -265B)
[2026-06-14T13:26:56.119Z] GET http://localhost:5173/src/api.ts → 304 (1ms, ?B)
[2026-06-14T13:26:56.119Z] GET http://localhost:5173/src/components/HealthCard.tsx?t=1781443598424 → 304 (1ms, ?B)
[2026-06-14T13:26:56.119Z] GET http://localhost:5173/src/components/UnderwriterConsole.tsx?t=1781443598424 → 304 (1ms, ?B)
[2026-06-14T13:26:56.119Z] GET http://localhost:5173/src/components/AuditTrail.tsx?t=1781443598424 → 304 (2ms, ?B)
[2026-06-14T13:26:56.119Z] GET http://localhost:5173/src/components/Portfolio.tsx?t=1781443598424 → 304 (4ms, ?B)
[2026-06-14T13:26:56.119Z] GET http://localhost:5173/src/components/Landing.tsx?t=1781443598424 → 304 (5ms, ?B)
[2026-06-14T13:26:56.119Z] GET http://localhost:5173/src/components/Brand.tsx → 304 (5ms, ?B)
[2026-06-14T13:26:56.119Z] GET http://localhost:5173/src/components/ui.tsx?t=1781443598424 → 304 (5ms, ?B)
[2026-06-14T13:26:56.120Z] GET http://localhost:5173/src/mock.ts → 304 (5ms, ?B)
[2026-06-14T13:26:56.187Z] GET http://localhost:5173/api/catalog → 500 (15ms, ?B)
[2026-06-14T13:26:56.187Z] GET http://localhost:5173/api/catalog → 500 (15ms, ?B)
[2026-06-14T13:26:56.243Z] GET http://localhost:5173/ → 200 (6ms, 1251B)
[2026-06-14T13:26:56.267Z] GET http://localhost:5173/@vite/client → 304 (1ms, ?B)
[2026-06-14T13:26:56.267Z] GET https://fonts.googleapis.com/css2?family=Fraunces:ital,opsz,wght@0,9..144,300..600;1,9..144,400..500&family=Hanken+Grotesk:wght@400;500;600;700&family=JetBrains+Mono:wght@400;500;600&display=swap → 200 (1ms, -743B)
[2026-06-14T13:26:56.268Z] GET http://localhost:5173/src/main.tsx?t=1781443616185 → 200 (1ms, 2046B)
[2026-06-14T13:26:56.271Z] GET http://localhost:5173/@react-refresh → 304 (33ms, ?B)
[2026-06-14T13:26:56.271Z] GET http://localhost:5173/node_modules/vite/dist/client/env.mjs → 304 (48ms, ?B)
[2026-06-14T13:26:56.273Z] GET http://localhost:5173/node_modules/.vite/deps/react_jsx-dev-runtime.js?v=dd9114a9 → 200 (?ms, -263B)
[2026-06-14T13:26:56.273Z] GET http://localhost:5173/node_modules/.vite/deps/react.js?v=dd9114a9 → 200 (?ms, -259B)
[2026-06-14T13:26:56.274Z] GET http://localhost:5173/node_modules/.vite/deps/react-dom_client.js?v=dd9114a9 → 200 (?ms, -261B)
[2026-06-14T13:26:56.286Z] GET http://localhost:5173/src/index.css?t=1781443616185 → 200 (34ms, 39092B)
[2026-06-14T13:26:56.286Z] GET http://localhost:5173/src/App.tsx?t=1781443598424 → 304 (33ms, ?B)
[2026-06-14T13:26:56.286Z] GET http://localhost:5173/node_modules/.vite/deps/chunk-REFQX4J5.js?v=dd9114a9 → 200 (1ms, -264B)
[2026-06-14T13:26:56.287Z] GET http://localhost:5173/node_modules/.vite/deps/chunk-HCIN4FJ4.js?v=dd9114a9 → 200 (1ms, -265B)
[2026-06-14T13:26:56.301Z] GET https://fonts.gstatic.com/s/fraunces/v38/6NU58FyLNQOQZAnv9ZwNjucMHVn85Ni7emAe9lKqZTnbB-gzTK0K1ChjeveQ.woff2 → 200 (?ms, -815B)
[2026-06-14T13:26:56.302Z] GET https://fonts.gstatic.com/s/fraunces/v38/6NU78FyLNQOQZAnv9bYEvDiIdE9Ea92uemAk_WBq8U_9v0c2Wa0KxCFTeO-U.woff2 → 200 (?ms, -814B)
[2026-06-14T13:26:56.302Z] GET https://fonts.gstatic.com/s/fraunces/v38/6NU78FyLNQOQZAnv9bYEvDiIdE9Ea92uemAk_WBq8U_9v0c2Wa0KxC9TeA.woff2 → 200 (1ms, -814B)
[2026-06-14T13:26:56.303Z] GET https://fonts.gstatic.com/s/hankengrotesk/v12/ieVn2YZDLWuGJpnzaiwFXS9tYtpd59A.woff2 → 200 (?ms, -814B)
[2026-06-14T13:26:56.304Z] GET https://fonts.gstatic.com/s/jetbrainsmono/v24/tDbv2o-flEEny0FZhsfKu5WU4zr3E_BX0PnT8RD8yKwBNntkaToggR7BYRbKPxDcwg.woff2 → 200 (?ms, -815B)
[2026-06-14T13:26:56.320Z] GET http://localhost:5173/src/api.ts → 304 (1ms, ?B)
[2026-06-14T13:26:56.320Z] GET http://localhost:5173/src/components/HealthCard.tsx?t=1781443598424 → 304 (1ms, ?B)
[2026-06-14T13:26:56.320Z] GET http://localhost:5173/src/components/UnderwriterConsole.tsx?t=1781443598424 → 304 (2ms, ?B)
[2026-06-14T13:26:56.320Z] GET http://localhost:5173/src/components/AuditTrail.tsx?t=1781443598424 → 304 (5ms, ?B)
[2026-06-14T13:26:56.320Z] GET http://localhost:5173/src/components/Portfolio.tsx?t=1781443598424 → 304 (5ms, ?B)
[2026-06-14T13:26:56.320Z] GET http://localhost:5173/src/components/Landing.tsx?t=1781443598424 → 304 (5ms, ?B)
[2026-06-14T13:26:56.320Z] GET http://localhost:5173/src/components/Brand.tsx → 304 (6ms, ?B)
[2026-06-14T13:26:56.320Z] GET http://localhost:5173/src/components/ui.tsx?t=1781443598424 → 304 (6ms, ?B)
[2026-06-14T13:26:56.321Z] GET http://localhost:5173/src/mock.ts → 304 (5ms, ?B)
[2026-06-14T13:26:56.384Z] GET http://localhost:5173/api/catalog → 500 (16ms, ?B)
[2026-06-14T13:26:56.384Z] GET http://localhost:5173/api/catalog → 500 (6ms, ?B)
[2026-06-14T13:26:58.242Z] GET http://localhost:5173/ → 200 (9ms, 1251B)
[2026-06-14T13:26:58.269Z] GET http://localhost:5173/@vite/client → 304 (2ms, ?B)
[2026-06-14T13:26:58.269Z] GET https://fonts.googleapis.com/css2?family=Fraunces:ital,opsz,wght@0,9..144,300..600;1,9..144,400..500&family=Hanken+Grotesk:wght@400;500;600;700&family=JetBrains+Mono:wght@400;500;600&display=swap → 200 (?ms, -743B)
[2026-06-14T13:26:58.269Z] GET http://localhost:5173/src/main.tsx?t=1781443618188 → 200 (13ms, 2046B)
[2026-06-14T13:26:58.270Z] GET http://localhost:5173/@react-refresh → 304 (19ms, ?B)
[2026-06-14T13:26:58.272Z] GET http://localhost:5173/node_modules/vite/dist/client/env.mjs → 304 (17ms, ?B)
[2026-06-14T13:26:58.283Z] GET http://localhost:5173/node_modules/.vite/deps/react_jsx-dev-runtime.js?v=dd9114a9 → 200 (?ms, -263B)
[2026-06-14T13:26:58.288Z] GET http://localhost:5173/node_modules/.vite/deps/react.js?v=dd9114a9 → 200 (?ms, -259B)
[2026-06-14T13:26:58.288Z] GET http://localhost:5173/node_modules/.vite/deps/react-dom_client.js?v=dd9114a9 → 200 (?ms, -261B)
[2026-06-14T13:26:58.289Z] GET http://localhost:5173/src/index.css?t=1781443618188 → 200 (10ms, 39092B)
[2026-06-14T13:26:58.289Z] GET http://localhost:5173/src/App.tsx?t=1781443598424 → 304 (2ms, ?B)
[2026-06-14T13:26:58.289Z] GET http://localhost:5173/node_modules/.vite/deps/chunk-REFQX4J5.js?v=dd9114a9 → 200 (?ms, -264B)
[2026-06-14T13:26:58.289Z] GET http://localhost:5173/node_modules/.vite/deps/chunk-HCIN4FJ4.js?v=dd9114a9 → 200 (?ms, -265B)
[2026-06-14T13:26:58.290Z] GET https://fonts.gstatic.com/s/fraunces/v38/6NU58FyLNQOQZAnv9ZwNjucMHVn85Ni7emAe9lKqZTnbB-gzTK0K1ChjeveQ.woff2 → 200 (?ms, -815B)
[2026-06-14T13:26:58.290Z] GET https://fonts.gstatic.com/s/fraunces/v38/6NU78FyLNQOQZAnv9bYEvDiIdE9Ea92uemAk_WBq8U_9v0c2Wa0KxCFTeO-U.woff2 → 200 (?ms, -814B)
[2026-06-14T13:26:58.290Z] GET https://fonts.gstatic.com/s/fraunces/v38/6NU78FyLNQOQZAnv9bYEvDiIdE9Ea92uemAk_WBq8U_9v0c2Wa0KxC9TeA.woff2 → 200 (?ms, -814B)
[2026-06-14T13:26:58.290Z] GET https://fonts.gstatic.com/s/hankengrotesk/v12/ieVn2YZDLWuGJpnzaiwFXS9tYtpd59A.woff2 → 200 (?ms, -814B)
[2026-06-14T13:26:58.290Z] GET https://fonts.gstatic.com/s/jetbrainsmono/v24/tDbv2o-flEEny0FZhsfKu5WU4zr3E_BX0PnT8RD8yKwBNntkaToggR7BYRbKPxDcwg.woff2 → 200 (?ms, -815B)
[2026-06-14T13:26:58.298Z] GET http://localhost:5173/src/api.ts → 304 (3ms, ?B)
[2026-06-14T13:26:58.298Z] GET http://localhost:5173/src/components/HealthCard.tsx?t=1781443598424 → 304 (5ms, ?B)
[2026-06-14T13:26:58.298Z] GET http://localhost:5173/src/components/UnderwriterConsole.tsx?t=1781443598424 → 304 (6ms, ?B)
[2026-06-14T13:26:58.298Z] GET http://localhost:5173/src/components/AuditTrail.tsx?t=1781443598424 → 304 (6ms, ?B)
[2026-06-14T13:26:58.298Z] GET http://localhost:5173/src/components/Portfolio.tsx?t=1781443598424 → 304 (6ms, ?B)
[2026-06-14T13:26:58.298Z] GET http://localhost:5173/src/components/Landing.tsx?t=1781443598424 → 304 (6ms, ?B)
[2026-06-14T13:26:58.298Z] GET http://localhost:5173/src/components/Brand.tsx → 304 (6ms, ?B)
[2026-06-14T13:26:58.298Z] GET http://localhost:5173/src/components/ui.tsx?t=1781443598424 → 304 (6ms, ?B)
[2026-06-14T13:26:58.301Z] GET http://localhost:5173/src/mock.ts → 304 (3ms, ?B)
[2026-06-14T13:26:58.366Z] GET http://localhost:5173/api/catalog → 500 (14ms, ?B)
[2026-06-14T13:26:58.367Z] GET http://localhost:5173/api/catalog → 500 (11ms, ?B)
[2026-06-14T13:32:36.952Z] GET http://localhost:5173/src/components/ui.tsx?t=1781443956944 → 200 (76ms, 29850B)
[2026-06-14T13:32:36.952Z] GET http://localhost:5173/src/index.css?t=1781443956944 → 200 (73ms, 39137B)
[2026-06-14T13:32:37.034Z] GET http://localhost:5173/src/App.tsx?t=1781443956944 → 200 (152ms, 27355B)
[2026-06-14T13:32:37.034Z] GET http://localhost:5173/src/components/AuditTrail.tsx?t=1781443956944 → 200 (153ms, 16961B)
[2026-06-14T13:32:37.034Z] GET http://localhost:5173/src/components/Portfolio.tsx?t=1781443956944 → 200 (154ms, 11483B)
[2026-06-14T13:32:37.034Z] GET http://localhost:5173/src/components/HealthCard.tsx?t=1781443956944 → 200 (165ms, 26595B)
[2026-06-14T13:32:37.035Z] GET http://localhost:5173/src/components/UnderwriterConsole.tsx?t=1781443956944 → 200 (168ms, 36356B)
[2026-06-14T13:32:37.035Z] GET http://localhost:5173/src/components/Landing.tsx?t=1781443956944 → 200 (169ms, 63630B)
[2026-06-14T13:32:37.238Z] GET http://localhost:5173/api/catalog → 500 (102ms, ?B)
[2026-06-14T13:33:17.164Z] GET http://localhost:5173/ → 200 (7ms, 1251B)
[2026-06-14T13:33:17.190Z] GET http://localhost:5173/@vite/client → 200 (21ms, ?B)
[2026-06-14T13:33:17.190Z] GET https://fonts.googleapis.com/css2?family=Fraunces:ital,opsz,wght@0,9..144,300..600;1,9..144,400..500&family=Hanken+Grotesk:wght@400;500;600;700&family=JetBrains+Mono:wght@400;500;600&display=swap → 200 (?ms, -743B)
[2026-06-14T13:33:17.192Z] GET http://localhost:5173/src/main.tsx?t=1781443997110 → 200 (17ms, 2046B)
[2026-06-14T13:33:17.193Z] GET http://localhost:5173/@react-refresh → 200 (18ms, ?B)
[2026-06-14T13:33:17.206Z] GET https://fonts.gstatic.com/s/fraunces/v38/6NU58FyLNQOQZAnv9ZwNjucMHVn85Ni7emAe9lKqZTnbB-gzTK0K1ChjeveQ.woff2 → 200 (?ms, -815B)
[2026-06-14T13:33:17.207Z] GET https://fonts.gstatic.com/s/fraunces/v38/6NU78FyLNQOQZAnv9bYEvDiIdE9Ea92uemAk_WBq8U_9v0c2Wa0KxCFTeO-U.woff2 → 200 (?ms, -814B)
[2026-06-14T13:33:17.207Z] GET https://fonts.gstatic.com/s/fraunces/v38/6NU78FyLNQOQZAnv9bYEvDiIdE9Ea92uemAk_WBq8U_9v0c2Wa0KxC9TeA.woff2 → 200 (?ms, -814B)
[2026-06-14T13:33:17.208Z] GET https://fonts.gstatic.com/s/hankengrotesk/v12/ieVn2YZDLWuGJpnzaiwFXS9tYtpd59A.woff2 → 200 (?ms, -814B)
[2026-06-14T13:33:17.208Z] GET https://fonts.gstatic.com/s/jetbrainsmono/v24/tDbv2o-flEEny0FZhsfKu5WU4zr3E_BX0PnT8RD8yKwBNntkaToggR7BYRbKPxDcwg.woff2 → 200 (?ms, -815B)
[2026-06-14T13:33:17.211Z] GET http://localhost:5173/node_modules/.vite/deps/react_jsx-dev-runtime.js?v=dd9114a9 → 200 (13ms, -263B)
[2026-06-14T13:33:17.211Z] GET http://localhost:5173/node_modules/.vite/deps/react.js?v=dd9114a9 → 200 (14ms, -259B)
[2026-06-14T13:33:17.211Z] GET http://localhost:5173/node_modules/.vite/deps/react-dom_client.js?v=dd9114a9 → 200 (14ms, -261B)
[2026-06-14T13:33:17.211Z] GET http://localhost:5173/src/index.css?t=1781443997110 → 200 (14ms, 39137B)
[2026-06-14T13:33:17.211Z] GET http://localhost:5173/src/App.tsx?t=1781443956944 → 200 (15ms, ?B)
[2026-06-14T13:33:17.211Z] GET http://localhost:5173/node_modules/vite/dist/client/env.mjs → 200 (15ms, ?B)
[2026-06-14T13:33:17.224Z] GET http://localhost:5173/node_modules/.vite/deps/chunk-REFQX4J5.js?v=dd9114a9 → 200 (12ms, -264B)
[2026-06-14T13:33:17.225Z] GET http://localhost:5173/node_modules/.vite/deps/chunk-HCIN4FJ4.js?v=dd9114a9 → 200 (35ms, -265B)
[2026-06-14T13:33:17.236Z] GET http://localhost:5173/src/api.ts → 200 (3ms, ?B)
[2026-06-14T13:33:17.236Z] GET http://localhost:5173/src/components/HealthCard.tsx?t=1781443956944 → 200 (9ms, ?B)
[2026-06-14T13:33:17.236Z] GET http://localhost:5173/src/components/UnderwriterConsole.tsx?t=1781443956944 → 200 (16ms, ?B)
[2026-06-14T13:33:17.236Z] GET http://localhost:5173/src/components/AuditTrail.tsx?t=1781443956944 → 200 (18ms, ?B)
[2026-06-14T13:33:17.236Z] GET http://localhost:5173/src/components/Portfolio.tsx?t=1781443956944 → 200 (18ms, ?B)
[2026-06-14T13:33:17.236Z] GET http://localhost:5173/src/components/Landing.tsx?t=1781443956944 → 200 (19ms, ?B)
[2026-06-14T13:33:17.236Z] GET http://localhost:5173/src/components/Brand.tsx → 200 (19ms, ?B)
[2026-06-14T13:33:17.236Z] GET http://localhost:5173/src/components/ui.tsx?t=1781443956944 → 200 (18ms, ?B)
[2026-06-14T13:33:17.239Z] GET http://localhost:5173/src/mock.ts → 200 (16ms, ?B)
[2026-06-14T13:33:17.433Z] GET http://localhost:5173/api/catalog → 500 (12ms, ?B)
[2026-06-14T13:33:17.433Z] GET http://localhost:5173/api/catalog → 500 (11ms, ?B)
[2026-06-14T13:33:31.363Z] GET http://localhost:5173/ → 200 (7ms, ?B)
[2026-06-14T13:33:31.382Z] GET http://localhost:5173/@vite/client → 304 (9ms, ?B)
[2026-06-14T13:33:31.382Z] GET https://fonts.googleapis.com/css2?family=Fraunces:ital,opsz,wght@0,9..144,300..600;1,9..144,400..500&family=Hanken+Grotesk:wght@400;500;600;700&family=JetBrains+Mono:wght@400;500;600&display=swap → 200 (6ms, -743B)
[2026-06-14T13:33:31.388Z] GET http://localhost:5173/src/main.tsx?t=1781443997110 → 304 (3ms, ?B)
[2026-06-14T13:33:31.396Z] GET http://localhost:5173/@react-refresh → 304 (2ms, ?B)
[2026-06-14T13:33:31.396Z] GET http://localhost:5173/node_modules/vite/dist/client/env.mjs → 304 (2ms, ?B)
[2026-06-14T13:33:31.396Z] GET http://localhost:5173/node_modules/.vite/deps/react_jsx-dev-runtime.js?v=dd9114a9 → 200 (?ms, -263B)
[2026-06-14T13:33:31.396Z] GET http://localhost:5173/node_modules/.vite/deps/react.js?v=dd9114a9 → 200 (1ms, -259B)
[2026-06-14T13:33:31.397Z] GET http://localhost:5173/node_modules/.vite/deps/react-dom_client.js?v=dd9114a9 → 200 (?ms, -261B)
[2026-06-14T13:33:31.397Z] GET http://localhost:5173/src/index.css?t=1781443997110 → 304 (2ms, ?B)
[2026-06-14T13:33:31.397Z] GET http://localhost:5173/src/App.tsx?t=1781443956944 → 304 (2ms, ?B)
[2026-06-14T13:33:31.397Z] GET http://localhost:5173/node_modules/.vite/deps/chunk-REFQX4J5.js?v=dd9114a9 → 200 (?ms, -264B)
[2026-06-14T13:33:31.398Z] GET http://localhost:5173/node_modules/.vite/deps/chunk-HCIN4FJ4.js?v=dd9114a9 → 200 (?ms, -265B)
[2026-06-14T13:33:31.407Z] GET http://localhost:5173/src/api.ts → 304 (1ms, ?B)
[2026-06-14T13:33:31.408Z] GET http://localhost:5173/src/components/HealthCard.tsx?t=1781443956944 → 304 (6ms, ?B)
[2026-06-14T13:33:31.408Z] GET http://localhost:5173/src/components/UnderwriterConsole.tsx?t=1781443956944 → 304 (6ms, ?B)
[2026-06-14T13:33:31.408Z] GET http://localhost:5173/src/components/AuditTrail.tsx?t=1781443956944 → 304 (6ms, ?B)
[2026-06-14T13:33:31.408Z] GET http://localhost:5173/src/components/Portfolio.tsx?t=1781443956944 → 304 (6ms, ?B)
[2026-06-14T13:33:31.408Z] GET http://localhost:5173/src/components/Landing.tsx?t=1781443956944 → 304 (7ms, ?B)
[2026-06-14T13:33:31.408Z] GET http://localhost:5173/src/components/Brand.tsx → 304 (7ms, ?B)
[2026-06-14T13:33:31.408Z] GET http://localhost:5173/src/components/ui.tsx?t=1781443956944 → 304 (7ms, ?B)
[2026-06-14T13:33:31.413Z] GET http://localhost:5173/src/mock.ts → 304 (2ms, ?B)
[2026-06-14T13:33:31.413Z] GET https://fonts.gstatic.com/s/fraunces/v38/6NU58FyLNQOQZAnv9ZwNjucMHVn85Ni7emAe9lKqZTnbB-gzTK0K1ChjeveQ.woff2 → 200 (?ms, -815B)
[2026-06-14T13:33:31.413Z] GET https://fonts.gstatic.com/s/fraunces/v38/6NU78FyLNQOQZAnv9bYEvDiIdE9Ea92uemAk_WBq8U_9v0c2Wa0KxCFTeO-U.woff2 → 200 (?ms, -814B)
[2026-06-14T13:33:31.414Z] GET https://fonts.gstatic.com/s/fraunces/v38/6NU78FyLNQOQZAnv9bYEvDiIdE9Ea92uemAk_WBq8U_9v0c2Wa0KxC9TeA.woff2 → 200 (?ms, -814B)
[2026-06-14T13:33:31.414Z] GET https://fonts.gstatic.com/s/hankengrotesk/v12/ieVn2YZDLWuGJpnzaiwFXS9tYtpd59A.woff2 → 200 (?ms, -814B)
[2026-06-14T13:33:31.414Z] GET https://fonts.gstatic.com/s/jetbrainsmono/v24/tDbv2o-flEEny0FZhsfKu5WU4zr3E_BX0PnT8RD8yKwBNntkaToggR7BYRbKPxDcwg.woff2 → 200 (?ms, -815B)
[2026-06-14T13:33:31.457Z] GET http://localhost:5173/api/catalog → 500 (16ms, ?B)
[2026-06-14T13:33:31.457Z] GET http://localhost:5173/api/catalog → 500 (3ms, ?B)
[2026-06-14T13:33:31.508Z] GET http://localhost:5173/ → 200 (6ms, 1251B)
[2026-06-14T13:33:31.528Z] GET http://localhost:5173/@vite/client → 304 (7ms, ?B)
[2026-06-14T13:33:31.530Z] GET https://fonts.googleapis.com/css2?family=Fraunces:ital,opsz,wght@0,9..144,300..600;1,9..144,400..500&family=Hanken+Grotesk:wght@400;500;600;700&family=JetBrains+Mono:wght@400;500;600&display=swap → 200 (?ms, -743B)
[2026-06-14T13:33:31.530Z] GET http://localhost:5173/src/main.tsx?t=1781444011417 → 200 (5ms, 2046B)
[2026-06-14T13:33:31.541Z] GET http://localhost:5173/@react-refresh → 304 (2ms, ?B)
[2026-06-14T13:33:31.541Z] GET http://localhost:5173/node_modules/vite/dist/client/env.mjs → 304 (3ms, ?B)
[2026-06-14T13:33:31.541Z] GET http://localhost:5173/node_modules/.vite/deps/react_jsx-dev-runtime.js?v=dd9114a9 → 200 (?ms, -263B)
[2026-06-14T13:33:31.542Z] GET http://localhost:5173/node_modules/.vite/deps/react.js?v=dd9114a9 → 200 (?ms, -259B)
[2026-06-14T13:33:31.542Z] GET http://localhost:5173/node_modules/.vite/deps/react-dom_client.js?v=dd9114a9 → 200 (?ms, -261B)
[2026-06-14T13:33:31.543Z] GET http://localhost:5173/src/index.css?t=1781444011417 → 200 (12ms, 39137B)
[2026-06-14T13:33:31.543Z] GET http://localhost:5173/src/App.tsx?t=1781443956944 → 304 (3ms, ?B)
[2026-06-14T13:33:31.543Z] GET http://localhost:5173/node_modules/.vite/deps/chunk-REFQX4J5.js?v=dd9114a9 → 200 (?ms, -264B)
[2026-06-14T13:33:31.543Z] GET http://localhost:5173/node_modules/.vite/deps/chunk-HCIN4FJ4.js?v=dd9114a9 → 200 (?ms, -265B)
[2026-06-14T13:33:31.555Z] GET http://localhost:5173/src/api.ts → 304 (3ms, ?B)
[2026-06-14T13:33:31.555Z] GET http://localhost:5173/src/components/HealthCard.tsx?t=1781443956944 → 304 (4ms, ?B)
[2026-06-14T13:33:31.555Z] GET http://localhost:5173/src/components/UnderwriterConsole.tsx?t=1781443956944 → 304 (6ms, ?B)
[2026-06-14T13:33:31.555Z] GET http://localhost:5173/src/components/AuditTrail.tsx?t=1781443956944 → 304 (6ms, ?B)
[2026-06-14T13:33:31.555Z] GET http://localhost:5173/src/components/Portfolio.tsx?t=1781443956944 → 304 (6ms, ?B)
[2026-06-14T13:33:31.555Z] GET http://localhost:5173/src/components/Landing.tsx?t=1781443956944 → 304 (7ms, ?B)
[2026-06-14T13:33:31.555Z] GET http://localhost:5173/src/components/Brand.tsx → 304 (7ms, ?B)
[2026-06-14T13:33:31.555Z] GET http://localhost:5173/src/components/ui.tsx?t=1781443956944 → 304 (7ms, ?B)
[2026-06-14T13:33:31.558Z] GET https://fonts.gstatic.com/s/fraunces/v38/6NU58FyLNQOQZAnv9ZwNjucMHVn85Ni7emAe9lKqZTnbB-gzTK0K1ChjeveQ.woff2 → 200 (?ms, -815B)
[2026-06-14T13:33:31.558Z] GET https://fonts.gstatic.com/s/fraunces/v38/6NU78FyLNQOQZAnv9bYEvDiIdE9Ea92uemAk_WBq8U_9v0c2Wa0KxCFTeO-U.woff2 → 200 (1ms, -814B)
[2026-06-14T13:33:31.559Z] GET https://fonts.gstatic.com/s/fraunces/v38/6NU78FyLNQOQZAnv9bYEvDiIdE9Ea92uemAk_WBq8U_9v0c2Wa0KxC9TeA.woff2 → 200 (?ms, -814B)
[2026-06-14T13:33:31.559Z] GET https://fonts.gstatic.com/s/hankengrotesk/v12/ieVn2YZDLWuGJpnzaiwFXS9tYtpd59A.woff2 → 200 (?ms, -814B)
[2026-06-14T13:33:31.559Z] GET https://fonts.gstatic.com/s/jetbrainsmono/v24/tDbv2o-flEEny0FZhsfKu5WU4zr3E_BX0PnT8RD8yKwBNntkaToggR7BYRbKPxDcwg.woff2 → 200 (?ms, -815B)
[2026-06-14T13:33:31.559Z] GET http://localhost:5173/src/mock.ts → 304 (3ms, ?B)
[2026-06-14T13:33:31.606Z] GET http://localhost:5173/api/catalog → 500 (11ms, ?B)
[2026-06-14T13:33:31.606Z] GET http://localhost:5173/api/catalog → 500 (4ms, ?B)
[2026-06-14T13:33:34.583Z] GET http://localhost:5173/ → 200 (5ms, 1251B)
[2026-06-14T13:33:34.605Z] GET http://localhost:5173/@vite/client → 304 (8ms, ?B)
[2026-06-14T13:33:34.605Z] GET https://fonts.googleapis.com/css2?family=Fraunces:ital,opsz,wght@0,9..144,300..600;1,9..144,400..500&family=Hanken+Grotesk:wght@400;500;600;700&family=JetBrains+Mono:wght@400;500;600&display=swap → 200 (1ms, -743B)
[2026-06-14T13:33:34.606Z] GET http://localhost:5173/src/main.tsx?t=1781444014529 → 200 (19ms, 2046B)
[2026-06-14T13:33:34.607Z] GET http://localhost:5173/@react-refresh → 304 (18ms, ?B)
[2026-06-14T13:33:34.623Z] GET https://fonts.gstatic.com/s/fraunces/v38/6NU58FyLNQOQZAnv9ZwNjucMHVn85Ni7emAe9lKqZTnbB-gzTK0K1ChjeveQ.woff2 → 200 (?ms, -815B)
[2026-06-14T13:33:34.624Z] GET https://fonts.gstatic.com/s/fraunces/v38/6NU78FyLNQOQZAnv9bYEvDiIdE9Ea92uemAk_WBq8U_9v0c2Wa0KxCFTeO-U.woff2 → 200 (?ms, -814B)
[2026-06-14T13:33:34.624Z] GET https://fonts.gstatic.com/s/fraunces/v38/6NU78FyLNQOQZAnv9bYEvDiIdE9Ea92uemAk_WBq8U_9v0c2Wa0KxC9TeA.woff2 → 200 (?ms, -814B)
[2026-06-14T13:33:34.624Z] GET https://fonts.gstatic.com/s/hankengrotesk/v12/ieVn2YZDLWuGJpnzaiwFXS9tYtpd59A.woff2 → 200 (?ms, -814B)
[2026-06-14T13:33:34.624Z] GET https://fonts.gstatic.com/s/jetbrainsmono/v24/tDbv2o-flEEny0FZhsfKu5WU4zr3E_BX0PnT8RD8yKwBNntkaToggR7BYRbKPxDcwg.woff2 → 200 (?ms, -815B)
[2026-06-14T13:33:34.625Z] GET http://localhost:5173/node_modules/vite/dist/client/env.mjs → 304 (1ms, ?B)
[2026-06-14T13:33:34.625Z] GET http://localhost:5173/node_modules/.vite/deps/react_jsx-dev-runtime.js?v=dd9114a9 → 200 (?ms, -263B)
[2026-06-14T13:33:34.625Z] GET http://localhost:5173/node_modules/.vite/deps/react.js?v=dd9114a9 → 200 (?ms, -259B)
[2026-06-14T13:33:34.625Z] GET http://localhost:5173/node_modules/.vite/deps/react-dom_client.js?v=dd9114a9 → 200 (?ms, -261B)
[2026-06-14T13:33:34.625Z] GET http://localhost:5173/src/index.css?t=1781444014529 → 200 (11ms, 39137B)
[2026-06-14T13:33:34.625Z] GET http://localhost:5173/src/App.tsx?t=1781443956944 → 304 (3ms, ?B)
[2026-06-14T13:33:34.625Z] GET http://localhost:5173/node_modules/.vite/deps/chunk-REFQX4J5.js?v=dd9114a9 → 200 (1ms, -264B)
[2026-06-14T13:33:34.626Z] GET http://localhost:5173/node_modules/.vite/deps/chunk-HCIN4FJ4.js?v=dd9114a9 → 200 (?ms, -265B)
[2026-06-14T13:33:34.628Z] GET http://localhost:5173/src/api.ts → 304 (10ms, ?B)
[2026-06-14T13:33:34.628Z] GET http://localhost:5173/src/components/HealthCard.tsx?t=1781443956944 → 304 (11ms, ?B)
[2026-06-14T13:33:34.628Z] GET http://localhost:5173/src/components/UnderwriterConsole.tsx?t=1781443956944 → 304 (12ms, ?B)
[2026-06-14T13:33:34.628Z] GET http://localhost:5173/src/components/AuditTrail.tsx?t=1781443956944 → 304 (13ms, ?B)
[2026-06-14T13:33:34.629Z] GET http://localhost:5173/src/components/Portfolio.tsx?t=1781443956944 → 304 (12ms, ?B)
[2026-06-14T13:33:34.629Z] GET http://localhost:5173/src/components/Landing.tsx?t=1781443956944 → 304 (12ms, ?B)
[2026-06-14T13:33:34.629Z] GET http://localhost:5173/src/components/Brand.tsx → 304 (12ms, ?B)
[2026-06-14T13:33:34.629Z] GET http://localhost:5173/src/components/ui.tsx?t=1781443956944 → 304 (12ms, ?B)
[2026-06-14T13:33:34.639Z] GET http://localhost:5173/src/mock.ts → 304 (2ms, ?B)
[2026-06-14T13:33:34.686Z] GET http://localhost:5173/api/catalog → 500 (9ms, ?B)
[2026-06-14T13:33:34.686Z] GET http://localhost:5173/api/catalog → 500 (5ms, ?B)
